Copyright 1986-2022 Xilinx, Inc. All Rights Reserved. Copyright 2022-2025 Advanced Micro Devices, Inc. All Rights Reserved.
---------------------------------------------------------------------------------------------------------------------------------------------------------------------------------------------------------------------------------------------------------
| Tool Version : Vivado v.2025.2 (lin64) Build 6299465 Fri Nov 14 12:34:56 MST 2025
| Date         : Mon Jun 15 21:31:35 2026
| Host         : Ruby-Legion5 running 64-bit Fedora Linux 44 (Workstation Edition)
| Command      : report_timing_summary -max_paths 10 -routable_nets -report_unconstrained -file dot_matrix_fifo_timing_summary_routed.rpt -pb dot_matrix_fifo_timing_summary_routed.pb -rpx dot_matrix_fifo_timing_summary_routed.rpx -warn_on_violation
| Design       : dot_matrix_fifo
| Device       : 7z020-clg484
| Speed File   : -1  PRODUCTION 1.12 2019-11-22
| Design State : Routed
---------------------------------------------------------------------------------------------------------------------------------------------------------------------------------------------------------------------------------------------------------

Timing Summary Report

------------------------------------------------------------------------------------------------
| Timer Settings
| --------------
------------------------------------------------------------------------------------------------

  Enable Multi Corner Analysis               :  Yes
  Enable Pessimism Removal                   :  Yes
  Pessimism Removal Resolution               :  Nearest Common Node
  Enable Input Delay Default Clock           :  No
  Enable Preset / Clear Arcs                 :  No
  Disable Flight Delays                      :  No
  Ignore I/O Paths                           :  No
  Timing Early Launch at Borrowing Latches   :  No
  Borrow Time for Max Delay Exceptions       :  Yes
  Merge Timing Exceptions                    :  Yes
  Inter-SLR Compensation                     :  Conservative

  Corner  Analyze    Analyze    
  Name    Max Paths  Min Paths  
  ------  ---------  ---------  
  Slow    Yes        Yes        
  Fast    Yes        Yes        


------------------------------------------------------------------------------------------------
| Report Methodology
| ------------------
------------------------------------------------------------------------------------------------

Rule       Severity          Description                  Violations  
---------  ----------------  ---------------------------  ----------  
TIMING-17  Critical Warning  Non-clocked sequential cell  79          

Note: This report is based on the most recent report_methodology run and may not be up-to-date. Run report_methodology on the current design for the latest report.



check_timing report

Table of Contents
-----------------
1. checking no_clock (79)
2. checking constant_clock (0)
3. checking pulse_width_clock (0)
4. checking unconstrained_internal_endpoints (165)
5. checking no_input_delay (65)
6. checking no_output_delay (4)
7. checking multiple_clock (0)
8. checking generated_clocks (0)
9. checking loops (0)
10. checking partial_input_delay (0)
11. checking partial_output_delay (0)
12. checking latch_loops (0)

1. checking no_clock (79)
-------------------------
 There are 79 register/latch pins with no clock driven by root clock pin: clk_in (HIGH)


2. checking constant_clock (0)
------------------------------
 There are 0 register/latch pins with constant_clock.


3. checking pulse_width_clock (0)
---------------------------------
 There are 0 register/latch pins which need pulse_width check


4. checking unconstrained_internal_endpoints (165)
--------------------------------------------------
 There are 165 pins that are not constrained for maximum delay. (HIGH)

 There are 0 pins that are not constrained for maximum delay due to constant clock.


5. checking no_input_delay (65)
-------------------------------
 There are 65 input ports with no input delay specified. (HIGH)

 There are 0 input ports with no input delay but user has a false path constraint.


6. checking no_output_delay (4)
-------------------------------
 There are 4 ports with no output delay specified. (HIGH)

 There are 0 ports with no output delay but user has a false path constraint

 There are 0 ports with no output delay but with a timing clock defined on it or propagating through it


7. checking multiple_clock (0)
------------------------------
 There are 0 register/latch pins with multiple clocks.


8. checking generated_clocks (0)
--------------------------------
 There are 0 generated clocks that are not connected to a clock source.


9. checking loops (0)
---------------------
 There are 0 combinational loops in the design.


10. checking partial_input_delay (0)
------------------------------------
 There are 0 input ports with partial input delay specified.


11. checking partial_output_delay (0)
-------------------------------------
 There are 0 ports with partial output delay specified.


12. checking latch_loops (0)
----------------------------
 There are 0 combinational latch loops in the design through latch input



------------------------------------------------------------------------------------------------
| Design Timing Summary
| ---------------------
------------------------------------------------------------------------------------------------

    WNS(ns)      TNS(ns)  TNS Failing Endpoints  TNS Total Endpoints      WHS(ns)      THS(ns)  THS Failing Endpoints  THS Total Endpoints     WPWS(ns)     TPWS(ns)  TPWS Failing Endpoints  TPWS Total Endpoints  
    -------      -------  ---------------------  -------------------      -------      -------  ---------------------  -------------------     --------     --------  ----------------------  --------------------  
        inf        0.000                      0                  169          inf        0.000                      0                  169           NA           NA                      NA                    NA  


There are no user specified timing constraints.


------------------------------------------------------------------------------------------------
| Clock Summary
| -------------
------------------------------------------------------------------------------------------------


------------------------------------------------------------------------------------------------
| Intra Clock Table
| -----------------
------------------------------------------------------------------------------------------------

Clock             WNS(ns)      TNS(ns)  TNS Failing Endpoints  TNS Total Endpoints      WHS(ns)      THS(ns)  THS Failing Endpoints  THS Total Endpoints     WPWS(ns)     TPWS(ns)  TPWS Failing Endpoints  TPWS Total Endpoints  
-----             -------      -------  ---------------------  -------------------      -------      -------  ---------------------  -------------------     --------     --------  ----------------------  --------------------  


------------------------------------------------------------------------------------------------
| Inter Clock Table
| -----------------
------------------------------------------------------------------------------------------------

From Clock    To Clock          WNS(ns)      TNS(ns)  TNS Failing Endpoints  TNS Total Endpoints      WHS(ns)      THS(ns)  THS Failing Endpoints  THS Total Endpoints  
----------    --------          -------      -------  ---------------------  -------------------      -------      -------  ---------------------  -------------------  


------------------------------------------------------------------------------------------------
| Other Path Groups Table
| -----------------------
------------------------------------------------------------------------------------------------

Path Group    From Clock    To Clock          WNS(ns)      TNS(ns)  TNS Failing Endpoints  TNS Total Endpoints      WHS(ns)      THS(ns)  THS Failing Endpoints  THS Total Endpoints  
----------    ----------    --------          -------      -------  ---------------------  -------------------      -------      -------  ---------------------  -------------------  


------------------------------------------------------------------------------------------------
| User Ignored Path Table
| -----------------------
------------------------------------------------------------------------------------------------

Path Group    From Clock    To Clock    
----------    ----------    --------    


------------------------------------------------------------------------------------------------
| Unconstrained Path Table
| ------------------------
------------------------------------------------------------------------------------------------

Path Group    From Clock    To Clock    
----------    ----------    --------    
(none)                                    


------------------------------------------------------------------------------------------------
| Timing Details
| --------------
------------------------------------------------------------------------------------------------


--------------------------------------------------------------------------------------
Path Group:  (none)
From Clock:  
  To Clock:  

Max Delay           169 Endpoints
Min Delay           169 Endpoints
--------------------------------------------------------------------------------------


Max Delay Paths
--------------------------------------------------------------------------------------
Slack:                    inf
  Source:                 start
                            (input port)
  Destination:            shreg_reg[45]/CE
  Path Group:             (none)
  Path Type:              Max at Slow Process Corner
  Data Path Delay:        14.981ns  (logic 1.046ns (6.982%)  route 13.935ns (93.018%))
  Logic Levels:           2  (IBUF=1 LUT4=1)

    Location             Delay type                Incr(ns)  Path(ns)    Netlist Resource(s)
  -------------------------------------------------------------------    -------------------
    V7                                                0.000     0.000 r  start (IN)
                         net (fo=0)                   0.000     0.000    start
    V7                   IBUF (Prop_ibuf_I_O)         0.922     0.922 r  start_IBUF_inst/O
                         net (fo=6, routed)           4.469     5.391    start_IBUF
    SLICE_X102Y4         LUT4 (Prop_lut4_I1_O)        0.124     5.515 r  shreg[63]_i_1/O
                         net (fo=64, routed)          9.466    14.981    shreg[0]
    SLICE_X112Y93        FDRE                                         r  shreg_reg[45]/CE
  -------------------------------------------------------------------    -------------------

Slack:                    inf
  Source:                 start
                            (input port)
  Destination:            shreg_reg[46]/CE
  Path Group:             (none)
  Path Type:              Max at Slow Process Corner
  Data Path Delay:        14.981ns  (logic 1.046ns (6.982%)  route 13.935ns (93.018%))
  Logic Levels:           2  (IBUF=1 LUT4=1)

    Location             Delay type                Incr(ns)  Path(ns)    Netlist Resource(s)
  -------------------------------------------------------------------    -------------------
    V7                                                0.000     0.000 r  start (IN)
                         net (fo=0)                   0.000     0.000    start
    V7                   IBUF (Prop_ibuf_I_O)         0.922     0.922 r  start_IBUF_inst/O
                         net (fo=6, routed)           4.469     5.391    start_IBUF
    SLICE_X102Y4         LUT4 (Prop_lut4_I1_O)        0.124     5.515 r  shreg[63]_i_1/O
                         net (fo=64, routed)          9.466    14.981    shreg[0]
    SLICE_X112Y93        FDRE                                         r  shreg_reg[46]/CE
  -------------------------------------------------------------------    -------------------

Slack:                    inf
  Source:                 start
                            (input port)
  Destination:            shreg_reg[47]/CE
  Path Group:             (none)
  Path Type:              Max at Slow Process Corner
  Data Path Delay:        14.981ns  (logic 1.046ns (6.982%)  route 13.935ns (93.018%))
  Logic Levels:           2  (IBUF=1 LUT4=1)

    Location             Delay type                Incr(ns)  Path(ns)    Netlist Resource(s)
  -------------------------------------------------------------------    -------------------
    V7                                                0.000     0.000 r  start (IN)
                         net (fo=0)                   0.000     0.000    start
    V7                   IBUF (Prop_ibuf_I_O)         0.922     0.922 r  start_IBUF_inst/O
                         net (fo=6, routed)           4.469     5.391    start_IBUF
    SLICE_X102Y4         LUT4 (Prop_lut4_I1_O)        0.124     5.515 r  shreg[63]_i_1/O
                         net (fo=64, routed)          9.466    14.981    shreg[0]
    SLICE_X112Y93        FDRE                                         r  shreg_reg[47]/CE
  -------------------------------------------------------------------    -------------------

Slack:                    inf
  Source:                 start
                            (input port)
  Destination:            shreg_reg[48]/CE
  Path Group:             (none)
  Path Type:              Max at Slow Process Corner
  Data Path Delay:        14.981ns  (logic 1.046ns (6.982%)  route 13.935ns (93.018%))
  Logic Levels:           2  (IBUF=1 LUT4=1)

    Location             Delay type                Incr(ns)  Path(ns)    Netlist Resource(s)
  -------------------------------------------------------------------    -------------------
    V7                                                0.000     0.000 r  start (IN)
                         net (fo=0)                   0.000     0.000    start
    V7                   IBUF (Prop_ibuf_I_O)         0.922     0.922 r  start_IBUF_inst/O
                         net (fo=6, routed)           4.469     5.391    start_IBUF
    SLICE_X102Y4         LUT4 (Prop_lut4_I1_O)        0.124     5.515 r  shreg[63]_i_1/O
                         net (fo=64, routed)          9.466    14.981    shreg[0]
    SLICE_X112Y93        FDRE                                         r  shreg_reg[48]/CE
  -------------------------------------------------------------------    -------------------

Slack:                    inf
  Source:                 start
                            (input port)
  Destination:            shreg_reg[42]/CE
  Path Group:             (none)
  Path Type:              Max at Slow Process Corner
  Data Path Delay:        14.841ns  (logic 1.046ns (7.048%)  route 13.795ns (92.952%))
  Logic Levels:           2  (IBUF=1 LUT4=1)

    Location             Delay type                Incr(ns)  Path(ns)    Netlist Resource(s)
  -------------------------------------------------------------------    -------------------
    V7                                                0.000     0.000 r  start (IN)
                         net (fo=0)                   0.000     0.000    start
    V7                   IBUF (Prop_ibuf_I_O)         0.922     0.922 r  start_IBUF_inst/O
                         net (fo=6, routed)           4.469     5.391    start_IBUF
    SLICE_X102Y4         LUT4 (Prop_lut4_I1_O)        0.124     5.515 r  shreg[63]_i_1/O
                         net (fo=64, routed)          9.326    14.841    shreg[0]
    SLICE_X112Y92        FDRE                                         r  shreg_reg[42]/CE
  -------------------------------------------------------------------    -------------------

Slack:                    inf
  Source:                 start
                            (input port)
  Destination:            shreg_reg[43]/CE
  Path Group:             (none)
  Path Type:              Max at Slow Process Corner
  Data Path Delay:        14.841ns  (logic 1.046ns (7.048%)  route 13.795ns (92.952%))
  Logic Levels:           2  (IBUF=1 LUT4=1)

    Location             Delay type                Incr(ns)  Path(ns)    Netlist Resource(s)
  -------------------------------------------------------------------    -------------------
    V7                                                0.000     0.000 r  start (IN)
                         net (fo=0)                   0.000     0.000    start
    V7                   IBUF (Prop_ibuf_I_O)         0.922     0.922 r  start_IBUF_inst/O
                         net (fo=6, routed)           4.469     5.391    start_IBUF
    SLICE_X102Y4         LUT4 (Prop_lut4_I1_O)        0.124     5.515 r  shreg[63]_i_1/O
                         net (fo=64, routed)          9.326    14.841    shreg[0]
    SLICE_X112Y92        FDRE                                         r  shreg_reg[43]/CE
  -------------------------------------------------------------------    -------------------

Slack:                    inf
  Source:                 start
                            (input port)
  Destination:            shreg_reg[44]/CE
  Path Group:             (none)
  Path Type:              Max at Slow Process Corner
  Data Path Delay:        14.841ns  (logic 1.046ns (7.048%)  route 13.795ns (92.952%))
  Logic Levels:           2  (IBUF=1 LUT4=1)

    Location             Delay type                Incr(ns)  Path(ns)    Netlist Resource(s)
  -------------------------------------------------------------------    -------------------
    V7                                                0.000     0.000 r  start (IN)
                         net (fo=0)                   0.000     0.000    start
    V7                   IBUF (Prop_ibuf_I_O)         0.922     0.922 r  start_IBUF_inst/O
                         net (fo=6, routed)           4.469     5.391    start_IBUF
    SLICE_X102Y4         LUT4 (Prop_lut4_I1_O)        0.124     5.515 r  shreg[63]_i_1/O
                         net (fo=64, routed)          9.326    14.841    shreg[0]
    SLICE_X112Y92        FDRE                                         r  shreg_reg[44]/CE
  -------------------------------------------------------------------    -------------------

Slack:                    inf
  Source:                 start
                            (input port)
  Destination:            shreg_reg[49]/CE
  Path Group:             (none)
  Path Type:              Max at Slow Process Corner
  Data Path Delay:        14.841ns  (logic 1.046ns (7.048%)  route 13.795ns (92.952%))
  Logic Levels:           2  (IBUF=1 LUT4=1)

    Location             Delay type                Incr(ns)  Path(ns)    Netlist Resource(s)
  -------------------------------------------------------------------    -------------------
    V7                                                0.000     0.000 r  start (IN)
                         net (fo=0)                   0.000     0.000    start
    V7                   IBUF (Prop_ibuf_I_O)         0.922     0.922 r  start_IBUF_inst/O
                         net (fo=6, routed)           4.469     5.391    start_IBUF
    SLICE_X102Y4         LUT4 (Prop_lut4_I1_O)        0.124     5.515 r  shreg[63]_i_1/O
                         net (fo=64, routed)          9.326    14.841    shreg[0]
    SLICE_X112Y92        FDRE                                         r  shreg_reg[49]/CE
  -------------------------------------------------------------------    -------------------

Slack:                    inf
  Source:                 start
                            (input port)
  Destination:            shreg_reg[41]/CE
  Path Group:             (none)
  Path Type:              Max at Slow Process Corner
  Data Path Delay:        14.692ns  (logic 1.046ns (7.120%)  route 13.646ns (92.880%))
  Logic Levels:           2  (IBUF=1 LUT4=1)

    Location             Delay type                Incr(ns)  Path(ns)    Netlist Resource(s)
  -------------------------------------------------------------------    -------------------
    V7                                                0.000     0.000 r  start (IN)
                         net (fo=0)                   0.000     0.000    start
    V7                   IBUF (Prop_ibuf_I_O)         0.922     0.922 r  start_IBUF_inst/O
                         net (fo=6, routed)           4.469     5.391    start_IBUF
    SLICE_X102Y4         LUT4 (Prop_lut4_I1_O)        0.124     5.515 r  shreg[63]_i_1/O
                         net (fo=64, routed)          9.177    14.692    shreg[0]
    SLICE_X112Y91        FDRE                                         r  shreg_reg[41]/CE
  -------------------------------------------------------------------    -------------------

Slack:                    inf
  Source:                 start
                            (input port)
  Destination:            shreg_reg[40]/CE
  Path Group:             (none)
  Path Type:              Max at Slow Process Corner
  Data Path Delay:        14.542ns  (logic 1.046ns (7.193%)  route 13.496ns (92.807%))
  Logic Levels:           2  (IBUF=1 LUT4=1)

    Location             Delay type                Incr(ns)  Path(ns)    Netlist Resource(s)
  -------------------------------------------------------------------    -------------------
    V7                                                0.000     0.000 r  start (IN)
                         net (fo=0)                   0.000     0.000    start
    V7                   IBUF (Prop_ibuf_I_O)         0.922     0.922 r  start_IBUF_inst/O
                         net (fo=6, routed)           4.469     5.391    start_IBUF
    SLICE_X102Y4         LUT4 (Prop_lut4_I1_O)        0.124     5.515 r  shreg[63]_i_1/O
                         net (fo=64, routed)          9.027    14.542    shreg[0]
    SLICE_X112Y90        FDRE                                         r  shreg_reg[40]/CE
  -------------------------------------------------------------------    -------------------





Min Delay Paths
--------------------------------------------------------------------------------------
Slack:                    inf
  Source:                 FSM_onehot_state_reg[0]/C
                            (rising edge-triggered cell FDRE)
  Destination:            bit_cnt_reg[0]/R
  Path Group:             (none)
  Path Type:              Min at Fast Process Corner
  Data Path Delay:        0.316ns  (logic 0.141ns (44.635%)  route 0.175ns (55.365%))
  Logic Levels:           1  (FDRE=1)

    Location             Delay type                Incr(ns)  Path(ns)    Netlist Resource(s)
  -------------------------------------------------------------------    -------------------
    SLICE_X95Y3          FDRE                         0.000     0.000 r  FSM_onehot_state_reg[0]/C
    SLICE_X95Y3          FDRE (Prop_fdre_C_Q)         0.141     0.141 r  FSM_onehot_state_reg[0]/Q
                         net (fo=80, routed)          0.175     0.316    d_out0
    SLICE_X94Y4          FDRE                                         r  bit_cnt_reg[0]/R
  -------------------------------------------------------------------    -------------------

Slack:                    inf
  Source:                 FSM_onehot_state_reg[0]/C
                            (rising edge-triggered cell FDRE)
  Destination:            bit_cnt_reg[1]/R
  Path Group:             (none)
  Path Type:              Min at Fast Process Corner
  Data Path Delay:        0.316ns  (logic 0.141ns (44.635%)  route 0.175ns (55.365%))
  Logic Levels:           1  (FDRE=1)

    Location             Delay type                Incr(ns)  Path(ns)    Netlist Resource(s)
  -------------------------------------------------------------------    -------------------
    SLICE_X95Y3          FDRE                         0.000     0.000 r  FSM_onehot_state_reg[0]/C
    SLICE_X95Y3          FDRE (Prop_fdre_C_Q)         0.141     0.141 r  FSM_onehot_state_reg[0]/Q
                         net (fo=80, routed)          0.175     0.316    d_out0
    SLICE_X94Y4          FDRE                                         r  bit_cnt_reg[1]/R
  -------------------------------------------------------------------    -------------------

Slack:                    inf
  Source:                 FSM_onehot_state_reg[0]/C
                            (rising edge-triggered cell FDRE)
  Destination:            bit_cnt_reg[2]/R
  Path Group:             (none)
  Path Type:              Min at Fast Process Corner
  Data Path Delay:        0.316ns  (logic 0.141ns (44.635%)  route 0.175ns (55.365%))
  Logic Levels:           1  (FDRE=1)

    Location             Delay type                Incr(ns)  Path(ns)    Netlist Resource(s)
  -------------------------------------------------------------------    -------------------
    SLICE_X95Y3          FDRE                         0.000     0.000 r  FSM_onehot_state_reg[0]/C
    SLICE_X95Y3          FDRE (Prop_fdre_C_Q)         0.141     0.141 r  FSM_onehot_state_reg[0]/Q
                         net (fo=80, routed)          0.175     0.316    d_out0
    SLICE_X94Y4          FDRE                                         r  bit_cnt_reg[2]/R
  -------------------------------------------------------------------    -------------------

Slack:                    inf
  Source:                 FSM_onehot_state_reg[0]/C
                            (rising edge-triggered cell FDRE)
  Destination:            bit_cnt_reg[3]/R
  Path Group:             (none)
  Path Type:              Min at Fast Process Corner
  Data Path Delay:        0.316ns  (logic 0.141ns (44.635%)  route 0.175ns (55.365%))
  Logic Levels:           1  (FDRE=1)

    Location             Delay type                Incr(ns)  Path(ns)    Netlist Resource(s)
  -------------------------------------------------------------------    -------------------
    SLICE_X95Y3          FDRE                         0.000     0.000 r  FSM_onehot_state_reg[0]/C
    SLICE_X95Y3          FDRE (Prop_fdre_C_Q)         0.141     0.141 r  FSM_onehot_state_reg[0]/Q
                         net (fo=80, routed)          0.175     0.316    d_out0
    SLICE_X94Y4          FDRE                                         r  bit_cnt_reg[3]/R
  -------------------------------------------------------------------    -------------------

Slack:                    inf
  Source:                 FSM_onehot_state_reg[0]/C
                            (rising edge-triggered cell FDRE)
  Destination:            bit_cnt_reg[4]/R
  Path Group:             (none)
  Path Type:              Min at Fast Process Corner
  Data Path Delay:        0.316ns  (logic 0.141ns (44.635%)  route 0.175ns (55.365%))
  Logic Levels:           1  (FDRE=1)

    Location             Delay type                Incr(ns)  Path(ns)    Netlist Resource(s)
  -------------------------------------------------------------------    -------------------
    SLICE_X95Y3          FDRE                         0.000     0.000 r  FSM_onehot_state_reg[0]/C
    SLICE_X95Y3          FDRE (Prop_fdre_C_Q)         0.141     0.141 r  FSM_onehot_state_reg[0]/Q
                         net (fo=80, routed)          0.175     0.316    d_out0
    SLICE_X94Y4          FDRE                                         r  bit_cnt_reg[4]/R
  -------------------------------------------------------------------    -------------------

Slack:                    inf
  Source:                 FSM_onehot_state_reg[0]/C
                            (rising edge-triggered cell FDRE)
  Destination:            bit_cnt_reg[5]/R
  Path Group:             (none)
  Path Type:              Min at Fast Process Corner
  Data Path Delay:        0.316ns  (logic 0.141ns (44.635%)  route 0.175ns (55.365%))
  Logic Levels:           1  (FDRE=1)

    Location             Delay type                Incr(ns)  Path(ns)    Netlist Resource(s)
  -------------------------------------------------------------------    -------------------
    SLICE_X95Y3          FDRE                         0.000     0.000 r  FSM_onehot_state_reg[0]/C
    SLICE_X95Y3          FDRE (Prop_fdre_C_Q)         0.141     0.141 r  FSM_onehot_state_reg[0]/Q
                         net (fo=80, routed)          0.175     0.316    d_out0
    SLICE_X94Y4          FDRE                                         r  bit_cnt_reg[5]/R
  -------------------------------------------------------------------    -------------------

Slack:                    inf
  Source:                 FSM_onehot_state_reg[0]/C
                            (rising edge-triggered cell FDRE)
  Destination:            bit_cnt_reg[6]/S
  Path Group:             (none)
  Path Type:              Min at Fast Process Corner
  Data Path Delay:        0.316ns  (logic 0.141ns (44.635%)  route 0.175ns (55.365%))
  Logic Levels:           1  (FDRE=1)

    Location             Delay type                Incr(ns)  Path(ns)    Netlist Resource(s)
  -------------------------------------------------------------------    -------------------
    SLICE_X95Y3          FDRE                         0.000     0.000 r  FSM_onehot_state_reg[0]/C
    SLICE_X95Y3          FDRE (Prop_fdre_C_Q)         0.141     0.141 r  FSM_onehot_state_reg[0]/Q
                         net (fo=80, routed)          0.175     0.316    d_out0
    SLICE_X94Y4          FDSE                                         r  bit_cnt_reg[6]/S
  -------------------------------------------------------------------    -------------------

Slack:                    inf
  Source:                 FSM_onehot_state_reg[1]/C
                            (rising edge-triggered cell FDRE)
  Destination:            FSM_onehot_state_reg[2]/D
  Path Group:             (none)
  Path Type:              Min at Fast Process Corner
  Data Path Delay:        0.334ns  (logic 0.186ns (55.702%)  route 0.148ns (44.298%))
  Logic Levels:           2  (FDRE=1 LUT6=1)

    Location             Delay type                Incr(ns)  Path(ns)    Netlist Resource(s)
  -------------------------------------------------------------------    -------------------
    SLICE_X95Y3          FDRE                         0.000     0.000 r  FSM_onehot_state_reg[1]/C
    SLICE_X95Y3          FDRE (Prop_fdre_C_Q)         0.141     0.141 r  FSM_onehot_state_reg[1]/Q
                         net (fo=73, routed)          0.148     0.289    FSM_onehot_state_reg_n_0_[1]
    SLICE_X95Y3          LUT6 (Prop_lut6_I4_O)        0.045     0.334 r  FSM_onehot_state[2]_i_1/O
                         net (fo=1, routed)           0.000     0.334    FSM_onehot_state[2]_i_1_n_0
    SLICE_X95Y3          FDRE                                         r  FSM_onehot_state_reg[2]/D
  -------------------------------------------------------------------    -------------------

Slack:                    inf
  Source:                 FSM_onehot_state_reg[1]/C
                            (rising edge-triggered cell FDRE)
  Destination:            FSM_onehot_state_reg[1]/D
  Path Group:             (none)
  Path Type:              Min at Fast Process Corner
  Data Path Delay:        0.335ns  (logic 0.186ns (55.536%)  route 0.149ns (44.464%))
  Logic Levels:           2  (FDRE=1 LUT6=1)

    Location             Delay type                Incr(ns)  Path(ns)    Netlist Resource(s)
  -------------------------------------------------------------------    -------------------
    SLICE_X95Y3          FDRE                         0.000     0.000 r  FSM_onehot_state_reg[1]/C
    SLICE_X95Y3          FDRE (Prop_fdre_C_Q)         0.141     0.141 r  FSM_onehot_state_reg[1]/Q
                         net (fo=73, routed)          0.149     0.290    FSM_onehot_state_reg_n_0_[1]
    SLICE_X95Y3          LUT6 (Prop_lut6_I4_O)        0.045     0.335 r  FSM_onehot_state[1]_i_1/O
                         net (fo=1, routed)           0.000     0.335    FSM_onehot_state[1]_i_1_n_0
    SLICE_X95Y3          FDRE                                         r  FSM_onehot_state_reg[1]/D
  -------------------------------------------------------------------    -------------------

Slack:                    inf
  Source:                 bit_cnt_reg[5]/C
                            (rising edge-triggered cell FDRE)
  Destination:            bit_cnt_reg[5]/D
  Path Group:             (none)
  Path Type:              Min at Fast Process Corner
  Data Path Delay:        0.346ns  (logic 0.209ns (60.411%)  route 0.137ns (39.589%))
  Logic Levels:           2  (FDRE=1 LUT6=1)

    Location             Delay type                Incr(ns)  Path(ns)    Netlist Resource(s)
  -------------------------------------------------------------------    -------------------
    SLICE_X94Y4          FDRE                         0.000     0.000 r  bit_cnt_reg[5]/C
    SLICE_X94Y4          FDRE (Prop_fdre_C_Q)         0.164     0.164 r  bit_cnt_reg[5]/Q
                         net (fo=3, routed)           0.137     0.301    bit_cnt_reg[5]
    SLICE_X94Y4          LUT6 (Prop_lut6_I5_O)        0.045     0.346 r  bit_cnt[5]_i_1/O
                         net (fo=1, routed)           0.000     0.346    bit_cnt[5]_i_1_n_0
    SLICE_X94Y4          FDRE                                         r  bit_cnt_reg[5]/D
  -------------------------------------------------------------------    -------------------





