Copyright 1986-2022 Xilinx, Inc. All Rights Reserved. Copyright 2022-2025 Advanced Micro Devices, Inc. All Rights Reserved.
---------------------------------------------------------------------------------------------------------------------------------------------
| Tool Version : Vivado v.2025.2 (lin64) Build 6299465 Fri Nov 14 12:34:56 MST 2025
| Date         : Mon Jun 15 21:31:11 2026
| Host         : Ruby-Legion5 running 64-bit Fedora Linux 44 (Workstation Edition)
| Command      : report_control_sets -verbose -file dot_matrix_fifo_control_sets_placed.rpt
| Design       : dot_matrix_fifo
| Device       : xc7z020
---------------------------------------------------------------------------------------------------------------------------------------------

Control Set Information

Table of Contents
-----------------
1. Summary
2. Histogram
3. Flip-Flop Distribution
4. Detailed Control Set Information

1. Summary
----------

+----------------------------------------------------------+-------+
|                          Status                          | Count |
+----------------------------------------------------------+-------+
| Total control sets                                       |     7 |
|    Minimum number of control sets                        |     7 |
|    Addition due to synthesis replication                 |     0 |
|    Addition due to physical synthesis replication        |     0 |
| Unused register locations in slices containing registers |    33 |
+----------------------------------------------------------+-------+
* Control sets can be merged at opt_design using control_set_merge or merge_equivalent_drivers
** Run report_qor_suggestions for automated merging and remapping suggestions


2. Histogram
------------

+--------------------+-------+
|       Fanout       | Count |
+--------------------+-------+
| Total control sets |     7 |
| >= 0 to < 4        |     4 |
| >= 4 to < 6        |     1 |
| >= 6 to < 8        |     1 |
| >= 8 to < 10       |     0 |
| >= 10 to < 12      |     0 |
| >= 12 to < 14      |     0 |
| >= 14 to < 16      |     0 |
| >= 16              |     1 |
+--------------------+-------+
* Control sets can be remapped at either synth_design or opt_design


3. Flip-Flop Distribution
-------------------------

+--------------+-----------------------+------------------------+-----------------+--------------+
| Clock Enable | Synchronous Set/Reset | Asynchronous Set/Reset | Total Registers | Total Slices |
+--------------+-----------------------+------------------------+-----------------+--------------+
| No           | No                    | No                     |               4 |            2 |
| No           | No                    | Yes                    |               0 |            0 |
| No           | Yes                   | No                     |               0 |            0 |
| Yes          | No                    | No                     |              64 |           53 |
| Yes          | No                    | Yes                    |               0 |            0 |
| Yes          | Yes                   | No                     |              11 |            4 |
+--------------+-----------------------+------------------------+-----------------+--------------+


4. Detailed Control Set Information
-----------------------------------

+-------------------+-----------------+------------------+------------------+----------------+--------------+
|    Clock Signal   |  Enable Signal  | Set/Reset Signal | Slice Load Count | Bel Load Count | Bels / Slice |
+-------------------+-----------------+------------------+------------------+----------------+--------------+
|  clk_in_IBUF_BUFG | d_out_i_1_n_0   | d_out0           |                1 |              1 |         1.00 |
|  clk_in_IBUF_BUFG | clk_out_i_1_n_0 |                  |                1 |              1 |         1.00 |
|  clk_in_IBUF_BUFG | shreg[0]        | shreg[0]_i_1_n_0 |                1 |              1 |         1.00 |
|  clk_in_IBUF_BUFG | d_out0          | load0            |                1 |              2 |         2.00 |
|  clk_in_IBUF_BUFG |                 |                  |                2 |              4 |         2.00 |
|  clk_in_IBUF_BUFG | clk_out_i_2_n_0 | d_out0           |                1 |              7 |         7.00 |
|  clk_in_IBUF_BUFG | shreg[0]        |                  |               52 |             63 |         1.21 |
+-------------------+-----------------+------------------+------------------+----------------+--------------+


