
*** Running vivado
    with args -log ZED_IRQ.vdi -applog -m64 -product Vivado -messageDb vivado.pb -mode batch -source ZED_IRQ.tcl -notrace


****** Vivado v2025.2 (64-bit)
  **** SW Build 6299465 on Fri Nov 14 12:34:56 MST 2025
  **** IP Build 6300035 on Fri Nov 14 10:48:45 MST 2025
  **** SharedData Build 6298862 on Thu Nov 13 04:50:51 MST 2025
  **** Start of session at: Mon Jun 22 19:57:59 2026
    ** Copyright 1986-2022 Xilinx, Inc. All Rights Reserved.
    ** Copyright 2022-2025 Advanced Micro Devices, Inc. All Rights Reserved.

source ZED_IRQ.tcl -notrace
Command: link_design -top ZED_IRQ -part xc7z020clg484-1
Design is defaulting to srcset: sources_1
Design is defaulting to constrset: constrs_1
INFO: [Device 21-403] Loading part xc7z020clg484-1
Netlist sorting complete. Time (s): cpu = 00:00:00 ; elapsed = 00:00:00 . Memory (MB): peak = 1986.762 ; gain = 0.000 ; free physical = 1308 ; free virtual = 12458
INFO: [Netlist 29-17] Analyzing 26 Unisim elements for replacement
INFO: [Netlist 29-28] Unisim Transformation completed in 0 CPU seconds
INFO: [Project 1-479] Netlist was created with Vivado 2025.2
INFO: [Project 1-570] Preparing netlist for logic optimization
Parsing XDC File [/media/bartek/LEXAR/SUT/SoC/Projekt-LED-Matrix-Clock/zed_int_all/zed.xdc]
Finished Parsing XDC File [/media/bartek/LEXAR/SUT/SoC/Projekt-LED-Matrix-Clock/zed_int_all/zed.xdc]
INFO: [Opt 31-138] Pushed 0 inverter(s) to 0 load pin(s).
Netlist sorting complete. Time (s): cpu = 00:00:00 ; elapsed = 00:00:00 . Memory (MB): peak = 2179.398 ; gain = 0.000 ; free physical = 1219 ; free virtual = 12359
INFO: [Project 1-111] Unisim Transformation Summary:
No Unisim elements were transformed.

7 Infos, 0 Warnings, 0 Critical Warnings and 0 Errors encountered.
link_design completed successfully
link_design: Time (s): cpu = 00:00:04 ; elapsed = 00:00:05 . Memory (MB): peak = 2183.402 ; gain = 352.352 ; free physical = 1215 ; free virtual = 12356
Command: opt_design
Attempting to get a license for feature 'Implementation' and/or device 'xc7z020'
INFO: [Common 17-349] Got license for feature 'Implementation' and/or device 'xc7z020'
Running DRC as a precondition to command opt_design

Starting DRC Task
INFO: [DRC 23-27] Running DRC with 8 threads
INFO: [Project 1-461] DRC finished with 0 Errors
INFO: [Project 1-462] Please refer to the DRC report (report_drc) for more information.

Time (s): cpu = 00:00:01 ; elapsed = 00:00:00.53 . Memory (MB): peak = 2274.414 ; gain = 91.012 ; free physical = 1166 ; free virtual = 12307

Starting Cache Timing Information Task
INFO: [Timing 38-35] Done setting XDC timing constraints.
Ending Cache Timing Information Task | Checksum: 13d5a1f10

Time (s): cpu = 00:00:05 ; elapsed = 00:00:06 . Memory (MB): peak = 2687.336 ; gain = 412.922 ; free physical = 751 ; free virtual = 11899

Starting Logic Optimization Task

Phase 1 Initialization

Phase 1.1 Core Generation And Design Setup
Phase 1.1 Core Generation And Design Setup | Checksum: 13d5a1f10

Time (s): cpu = 00:00:00.01 ; elapsed = 00:00:00.01 . Memory (MB): peak = 3072.055 ; gain = 0.000 ; free physical = 327 ; free virtual = 11484

Phase 1.2 Setup Constraints And Sort Netlist
Phase 1.2 Setup Constraints And Sort Netlist | Checksum: 13d5a1f10

Time (s): cpu = 00:00:00.01 ; elapsed = 00:00:00.01 . Memory (MB): peak = 3072.055 ; gain = 0.000 ; free physical = 326 ; free virtual = 11483
Phase 1 Initialization | Checksum: 13d5a1f10

Time (s): cpu = 00:00:00.01 ; elapsed = 00:00:00.01 . Memory (MB): peak = 3072.055 ; gain = 0.000 ; free physical = 326 ; free virtual = 11483

Phase 2 Timer Update And Timing Data Collection

Phase 2.1 Detect if minReqCache needed
Phase 2.1 Detect if minReqCache needed | Checksum: 13d5a1f10

Time (s): cpu = 00:00:00.02 ; elapsed = 00:00:00.03 . Memory (MB): peak = 3072.055 ; gain = 0.000 ; free physical = 325 ; free virtual = 11481

Phase 2.2 Timer Update
Phase 2.2 Timer Update | Checksum: 13d5a1f10

Time (s): cpu = 00:00:00.06 ; elapsed = 00:00:00.06 . Memory (MB): peak = 3072.055 ; gain = 0.000 ; free physical = 324 ; free virtual = 11481

Phase 2.3 Timing Data Collection
Phase 2.3 Timing Data Collection | Checksum: 13d5a1f10

Time (s): cpu = 00:00:00.07 ; elapsed = 00:00:00.06 . Memory (MB): peak = 3072.055 ; gain = 0.000 ; free physical = 324 ; free virtual = 11481
Phase 2 Timer Update And Timing Data Collection | Checksum: 13d5a1f10

Time (s): cpu = 00:00:00.07 ; elapsed = 00:00:00.06 . Memory (MB): peak = 3072.055 ; gain = 0.000 ; free physical = 324 ; free virtual = 11481

Phase 3 Retarget
INFO: [Opt 31-1851] Number of loadless carry chains removed were: 0
INFO: [Opt 31-1834] Total Chains To Be Transformed Were: 0 AND Number of Transformed insts Created are: 0
INFO: [Opt 31-138] Pushed 0 inverter(s) to 0 load pin(s).
INFO: [Opt 31-49] Retargeted 0 cell(s).
Phase 3 Retarget | Checksum: 13d5a1f10

Time (s): cpu = 00:00:00.1 ; elapsed = 00:00:00.11 . Memory (MB): peak = 3072.055 ; gain = 0.000 ; free physical = 318 ; free virtual = 11476
Retarget | Checksum: 13d5a1f10
INFO: [Opt 31-389] Phase Retarget created 0 cells and removed 0 cells

Phase 4 Constant propagation
INFO: [Opt 31-138] Pushed 0 inverter(s) to 0 load pin(s).
Phase 4 Constant propagation | Checksum: 13d5a1f10

Time (s): cpu = 00:00:00.11 ; elapsed = 00:00:00.12 . Memory (MB): peak = 3072.055 ; gain = 0.000 ; free physical = 309 ; free virtual = 11468
Constant propagation | Checksum: 13d5a1f10
INFO: [Opt 31-389] Phase Constant propagation created 0 cells and removed 0 cells

Phase 5 Sweep
INFO: [Constraints 18-11670] Building netlist checker database with flags, 0x8
Done building netlist checker database: Time (s): cpu = 00:00:00 ; elapsed = 00:00:00 . Memory (MB): peak = 3072.055 ; gain = 0.000 ; free physical = 310 ; free virtual = 11469
Phase 5 Sweep | Checksum: 11a532059

Time (s): cpu = 00:00:00.18 ; elapsed = 00:00:00.2 . Memory (MB): peak = 3072.055 ; gain = 0.000 ; free physical = 310 ; free virtual = 11469
Sweep | Checksum: 11a532059
INFO: [Opt 31-389] Phase Sweep created 0 cells and removed 0 cells

Phase 6 BUFG optimization
Phase 6 BUFG optimization | Checksum: 11a532059

Time (s): cpu = 00:00:00.22 ; elapsed = 00:00:00.23 . Memory (MB): peak = 3104.070 ; gain = 32.016 ; free physical = 310 ; free virtual = 11469
BUFG optimization | Checksum: 11a532059
INFO: [Opt 31-662] Phase BUFG optimization created 0 cells of which 0 are BUFGs and removed 0 cells.

Phase 7 Shift Register Optimization
INFO: [Opt 31-1064] SRL Remap converted 0 SRLs to 0 registers and converted 0 registers of register chains to 0 SRLs
Phase 7 Shift Register Optimization | Checksum: 11a532059

Time (s): cpu = 00:00:00.22 ; elapsed = 00:00:00.24 . Memory (MB): peak = 3104.070 ; gain = 32.016 ; free physical = 310 ; free virtual = 11469
Shift Register Optimization | Checksum: 11a532059
INFO: [Opt 31-389] Phase Shift Register Optimization created 0 cells and removed 0 cells

Phase 8 Post Processing Netlist
Phase 8 Post Processing Netlist | Checksum: 11a532059

Time (s): cpu = 00:00:00.23 ; elapsed = 00:00:00.25 . Memory (MB): peak = 3104.070 ; gain = 32.016 ; free physical = 310 ; free virtual = 11469
Post Processing Netlist | Checksum: 11a532059
INFO: [Opt 31-389] Phase Post Processing Netlist created 0 cells and removed 0 cells

Phase 9 Finalization

Phase 9.1 Finalizing Design Cores and Updating Shapes
Phase 9.1 Finalizing Design Cores and Updating Shapes | Checksum: 219a95cfb

Time (s): cpu = 00:00:00.26 ; elapsed = 00:00:00.29 . Memory (MB): peak = 3104.070 ; gain = 32.016 ; free physical = 310 ; free virtual = 11469

Phase 9.2 Verifying Netlist Connectivity

Starting Connectivity Check Task

Time (s): cpu = 00:00:00.01 ; elapsed = 00:00:00 . Memory (MB): peak = 3104.070 ; gain = 0.000 ; free physical = 310 ; free virtual = 11469
Phase 9.2 Verifying Netlist Connectivity | Checksum: 219a95cfb

Time (s): cpu = 00:00:00.27 ; elapsed = 00:00:00.3 . Memory (MB): peak = 3104.070 ; gain = 32.016 ; free physical = 310 ; free virtual = 11469
Phase 9 Finalization | Checksum: 219a95cfb

Time (s): cpu = 00:00:00.27 ; elapsed = 00:00:00.3 . Memory (MB): peak = 3104.070 ; gain = 32.016 ; free physical = 310 ; free virtual = 11469
Opt_design Change Summary
=========================


-------------------------------------------------------------------------------------------------------------------------
|  Phase                        |  #Cells created  |  #Cells Removed  |  #Constrained objects preventing optimizations  |
-------------------------------------------------------------------------------------------------------------------------
|  Retarget                     |               0  |               0  |                                              0  |
|  Constant propagation         |               0  |               0  |                                              0  |
|  Sweep                        |               0  |               0  |                                              0  |
|  BUFG optimization            |               0  |               0  |                                              0  |
|  Shift Register Optimization  |               0  |               0  |                                              0  |
|  Post Processing Netlist      |               0  |               0  |                                              0  |
-------------------------------------------------------------------------------------------------------------------------


Ending Logic Optimization Task | Checksum: 219a95cfb

Time (s): cpu = 00:00:00.27 ; elapsed = 00:00:00.3 . Memory (MB): peak = 3104.070 ; gain = 32.016 ; free physical = 310 ; free virtual = 11469

Starting Power Optimization Task
INFO: [Pwropt 34-132] Skipping clock gating for clocks with a period < 2.00 ns.
INFO: [Pwropt 34-9] Applying IDT optimizations ...
INFO: [Pwropt 34-10] Applying ODC optimizations ...
WARNING: [Power 33-198] PS7 POWER property is not specified on the PS7 instance. Power reported will not be accurate.
INFO: [Timing 38-35] Done setting XDC timing constraints.
WARNING: [Power 33-232] No user defined clocks were found in the design! Power estimation will be inaccurate until this is corrected.
Resolution: Please specify clocks using create_clock/create_generated_clock for sequential elements. For pure combinatorial circuits, please specify a virtual clock, otherwise the vectorless estimation might be inaccurate
Running Vector-less Activity Propagation...

Finished Running Vector-less Activity Propagation


Starting PowerOpt Patch Enables Task
INFO: [Pwropt 34-162] WRITE_MODE attribute of 0 BRAM(s) out of a total of 2 has been updated to save power. Run report_power_opt to get a complete listing of the BRAMs updated.
INFO: [Pwropt 34-201] Structural ODC has moved 1 WE to EN ports
Number of BRAM Ports augmented: 0 newly gated: 4 Total Ports: 4
Ending PowerOpt Patch Enables Task | Checksum: 1b6e08d4d

Time (s): cpu = 00:00:00.03 ; elapsed = 00:00:00.02 . Memory (MB): peak = 3272.121 ; gain = 0.000 ; free physical = 276 ; free virtual = 11441
Ending Power Optimization Task | Checksum: 1b6e08d4d

Time (s): cpu = 00:00:01 ; elapsed = 00:00:00.65 . Memory (MB): peak = 3272.121 ; gain = 168.051 ; free physical = 276 ; free virtual = 11441

Starting Final Cleanup Task
Ending Final Cleanup Task | Checksum: 1b6e08d4d

Time (s): cpu = 00:00:00 ; elapsed = 00:00:00 . Memory (MB): peak = 3272.121 ; gain = 0.000 ; free physical = 276 ; free virtual = 11441
Netlist sorting complete. Time (s): cpu = 00:00:00 ; elapsed = 00:00:00 . Memory (MB): peak = 3272.121 ; gain = 0.000 ; free physical = 276 ; free virtual = 11441
INFO: [Common 17-83] Releasing license: Implementation
32 Infos, 2 Warnings, 0 Critical Warnings and 0 Errors encountered.
opt_design completed successfully
opt_design: Time (s): cpu = 00:00:11 ; elapsed = 00:00:10 . Memory (MB): peak = 3272.121 ; gain = 1088.719 ; free physical = 276 ; free virtual = 11441
INFO: [Vivado 12-24828] Executing command : report_drc -file ZED_IRQ_drc_opted.rpt -pb ZED_IRQ_drc_opted.pb -rpx ZED_IRQ_drc_opted.rpx
Command: report_drc -file ZED_IRQ_drc_opted.rpt -pb ZED_IRQ_drc_opted.pb -rpx ZED_IRQ_drc_opted.rpx
INFO: [IP_Flow 19-234] Refreshing IP repositories
INFO: [IP_Flow 19-1704] No user IP repositories specified
INFO: [IP_Flow 19-2313] Loaded Vivado IP repository '/media/bartek/LEXAR/DEV/FPGA/Xylinx/2025.2/data/ip'.
INFO: [DRC 23-27] Running DRC with 8 threads
INFO: [Vivado_Tcl 2-168] The results of DRC are in file /media/bartek/LEXAR/SUT/SoC/Projekt-LED-Matrix-Clock/SoC-LED-Clock/SoC-LED-Clock.runs/impl_1/ZED_IRQ_drc_opted.rpt.
report_drc completed successfully
Wrote PlaceDB: Time (s): cpu = 00:00:00 ; elapsed = 00:00:00 . Memory (MB): peak = 3272.121 ; gain = 0.000 ; free physical = 276 ; free virtual = 11445
INFO: [Timing 38-480] Writing timing data to binary archive.
Wrote PulsedLatchDB: Time (s): cpu = 00:00:00 ; elapsed = 00:00:00 . Memory (MB): peak = 3272.121 ; gain = 0.000 ; free physical = 276 ; free virtual = 11445
Writing XDEF routing.
Write ShapeDB Complete: Time (s): cpu = 00:00:00.03 ; elapsed = 00:00:00.02 . Memory (MB): peak = 3272.121 ; gain = 0.000 ; free physical = 275 ; free virtual = 11444
Writing XDEF routing logical nets.
Writing XDEF routing special nets.
Wrote RouteStorage: Time (s): cpu = 00:00:00.09 ; elapsed = 00:00:00.03 . Memory (MB): peak = 3272.121 ; gain = 0.000 ; free physical = 275 ; free virtual = 11445
Wrote PlaceStorage: Time (s): cpu = 00:00:00.01 ; elapsed = 00:00:00 . Memory (MB): peak = 3272.121 ; gain = 0.000 ; free physical = 275 ; free virtual = 11445
Wrote Netlist Cache: Time (s): cpu = 00:00:00 ; elapsed = 00:00:00 . Memory (MB): peak = 3272.121 ; gain = 0.000 ; free physical = 275 ; free virtual = 11445
Wrote Device Cache: Time (s): cpu = 00:00:00.03 ; elapsed = 00:00:00.02 . Memory (MB): peak = 3272.121 ; gain = 0.000 ; free physical = 275 ; free virtual = 11447
Write Physdb Complete: Time (s): cpu = 00:00:00.15 ; elapsed = 00:00:00.06 . Memory (MB): peak = 3272.121 ; gain = 0.000 ; free physical = 275 ; free virtual = 11447
INFO: [Common 17-1381] The checkpoint '/media/bartek/LEXAR/SUT/SoC/Projekt-LED-Matrix-Clock/SoC-LED-Clock/SoC-LED-Clock.runs/impl_1/ZED_IRQ_opt.dcp' has been generated.
Command: place_design
Attempting to get a license for feature 'Implementation' and/or device 'xc7z020'
INFO: [Common 17-349] Got license for feature 'Implementation' and/or device 'xc7z020'
INFO: [Common 17-83] Releasing license: Implementation
INFO: [DRC 23-27] Running DRC with 8 threads
INFO: [Vivado_Tcl 4-198] DRC finished with 0 Errors
INFO: [Vivado_Tcl 4-199] Please refer to the DRC report (report_drc) for more information.
INFO: [Timing 38-35] Done setting XDC timing constraints.
Running DRC as a precondition to command place_design
INFO: [DRC 23-27] Running DRC with 8 threads
INFO: [Vivado_Tcl 4-198] DRC finished with 0 Errors
INFO: [Vivado_Tcl 4-199] Please refer to the DRC report (report_drc) for more information.
INFO: [Place 30-611] Multithreading enabled for place_design using a maximum of 8 CPUs

Starting Placer Task

Phase 1 Placer Initialization

Phase 1.1 Placer Initialization Netlist Sorting
Netlist sorting complete. Time (s): cpu = 00:00:00 ; elapsed = 00:00:00.01 . Memory (MB): peak = 3272.121 ; gain = 0.000 ; free physical = 280 ; free virtual = 11445
Phase 1.1 Placer Initialization Netlist Sorting | Checksum: 12931bdaa

Time (s): cpu = 00:00:00 ; elapsed = 00:00:00.01 . Memory (MB): peak = 3272.121 ; gain = 0.000 ; free physical = 280 ; free virtual = 11445
Netlist sorting complete. Time (s): cpu = 00:00:00 ; elapsed = 00:00:00 . Memory (MB): peak = 3272.121 ; gain = 0.000 ; free physical = 280 ; free virtual = 11445

Phase 1.2 IO Placement/ Clock Placement/ Build Placer Device
Phase 1.2 IO Placement/ Clock Placement/ Build Placer Device | Checksum: f8e4622d

Time (s): cpu = 00:00:01 ; elapsed = 00:00:00.68 . Memory (MB): peak = 3272.121 ; gain = 0.000 ; free physical = 272 ; free virtual = 11428

Phase 1.3 Build Placer Netlist Model
Phase 1.3 Build Placer Netlist Model | Checksum: 194484310

Time (s): cpu = 00:00:01 ; elapsed = 00:00:00.79 . Memory (MB): peak = 3272.121 ; gain = 0.000 ; free physical = 271 ; free virtual = 11429

Phase 1.4 Constrain Clocks/Macros
Phase 1.4 Constrain Clocks/Macros | Checksum: 194484310

Time (s): cpu = 00:00:01 ; elapsed = 00:00:00.8 . Memory (MB): peak = 3272.121 ; gain = 0.000 ; free physical = 271 ; free virtual = 11429
Phase 1 Placer Initialization | Checksum: 194484310

Time (s): cpu = 00:00:01 ; elapsed = 00:00:00.8 . Memory (MB): peak = 3272.121 ; gain = 0.000 ; free physical = 271 ; free virtual = 11429

Phase 2 Global Placement

Phase 2.1 Floorplanning
Phase 2.1 Floorplanning | Checksum: 194484310

Time (s): cpu = 00:00:01 ; elapsed = 00:00:00.81 . Memory (MB): peak = 3272.121 ; gain = 0.000 ; free physical = 271 ; free virtual = 11429

Phase 2.2 Update Timing before SLR Path Opt
Phase 2.2 Update Timing before SLR Path Opt | Checksum: 194484310

Time (s): cpu = 00:00:01 ; elapsed = 00:00:00.82 . Memory (MB): peak = 3272.121 ; gain = 0.000 ; free physical = 271 ; free virtual = 11429

Phase 2.3 Post-Processing in Floorplanning
Phase 2.3 Post-Processing in Floorplanning | Checksum: 194484310

Time (s): cpu = 00:00:01 ; elapsed = 00:00:00.82 . Memory (MB): peak = 3272.121 ; gain = 0.000 ; free physical = 271 ; free virtual = 11429

Phase 2.4 Global Place Phase1
Phase 2.4 Global Place Phase1 | Checksum: 10a6106b5

Time (s): cpu = 00:00:04 ; elapsed = 00:00:02 . Memory (MB): peak = 3272.121 ; gain = 0.000 ; free physical = 293 ; free virtual = 11452

Phase 2.5 Global Place Phase2
WARNING: [Place 46-29] Timing had been disabled during Placer and, therefore, physical synthesis in Placer will be skipped.
Phase 2.5 Global Place Phase2 | Checksum: d657c298

Time (s): cpu = 00:00:05 ; elapsed = 00:00:02 . Memory (MB): peak = 3272.121 ; gain = 0.000 ; free physical = 294 ; free virtual = 11453
Phase 2 Global Placement | Checksum: d657c298

Time (s): cpu = 00:00:05 ; elapsed = 00:00:02 . Memory (MB): peak = 3272.121 ; gain = 0.000 ; free physical = 294 ; free virtual = 11453

Phase 3 Detail Placement

Phase 3.1 Commit Multi Column Macros
Phase 3.1 Commit Multi Column Macros | Checksum: d657c298

Time (s): cpu = 00:00:05 ; elapsed = 00:00:02 . Memory (MB): peak = 3272.121 ; gain = 0.000 ; free physical = 294 ; free virtual = 11453

Phase 3.2 Commit Most Macros & LUTRAMs
Phase 3.2 Commit Most Macros & LUTRAMs | Checksum: ef4ff685

Time (s): cpu = 00:00:05 ; elapsed = 00:00:02 . Memory (MB): peak = 3272.121 ; gain = 0.000 ; free physical = 293 ; free virtual = 11453

Phase 3.3 Area Swap Optimization
Phase 3.3 Area Swap Optimization | Checksum: bea0e140

Time (s): cpu = 00:00:05 ; elapsed = 00:00:02 . Memory (MB): peak = 3272.121 ; gain = 0.000 ; free physical = 294 ; free virtual = 11453

Phase 3.4 Pipeline Register Optimization
Phase 3.4 Pipeline Register Optimization | Checksum: 477b4c27

Time (s): cpu = 00:00:05 ; elapsed = 00:00:02 . Memory (MB): peak = 3272.121 ; gain = 0.000 ; free physical = 294 ; free virtual = 11453

Phase 3.5 Small Shape Detail Placement
Phase 3.5 Small Shape Detail Placement | Checksum: 15e3af715

Time (s): cpu = 00:00:06 ; elapsed = 00:00:02 . Memory (MB): peak = 3272.121 ; gain = 0.000 ; free physical = 294 ; free virtual = 11454

Phase 3.6 Re-assign LUT pins
Phase 3.6 Re-assign LUT pins | Checksum: 15e3af715

Time (s): cpu = 00:00:06 ; elapsed = 00:00:02 . Memory (MB): peak = 3272.121 ; gain = 0.000 ; free physical = 295 ; free virtual = 11454

Phase 3.7 Pipeline Register Optimization
Phase 3.7 Pipeline Register Optimization | Checksum: 15e3af715

Time (s): cpu = 00:00:06 ; elapsed = 00:00:02 . Memory (MB): peak = 3272.121 ; gain = 0.000 ; free physical = 294 ; free virtual = 11454
Phase 3 Detail Placement | Checksum: 15e3af715

Time (s): cpu = 00:00:06 ; elapsed = 00:00:02 . Memory (MB): peak = 3272.121 ; gain = 0.000 ; free physical = 294 ; free virtual = 11454

Phase 4 Post Placement Optimization and Clean-Up

Phase 4.1 Post Commit Optimization
Phase 4.1 Post Commit Optimization | Checksum: 15e3af715

Time (s): cpu = 00:00:06 ; elapsed = 00:00:02 . Memory (MB): peak = 3272.121 ; gain = 0.000 ; free physical = 295 ; free virtual = 11454

Phase 4.2 Post Placement Cleanup
Phase 4.2 Post Placement Cleanup | Checksum: 15e3af715

Time (s): cpu = 00:00:06 ; elapsed = 00:00:02 . Memory (MB): peak = 3272.121 ; gain = 0.000 ; free physical = 294 ; free virtual = 11453

Phase 4.3 Placer Reporting

Phase 4.3.1 Print Estimated Congestion
INFO: [Place 30-612] Post-Placement Estimated Congestion 
 ____________________________________________________
|           | Global Congestion | Short Congestion  |
| Direction | Region Size       | Region Size       |
|___________|___________________|___________________|
|      North|                1x1|                1x1|
|___________|___________________|___________________|
|      South|                1x1|                1x1|
|___________|___________________|___________________|
|       East|                1x1|                1x1|
|___________|___________________|___________________|
|       West|                1x1|                1x1|
|___________|___________________|___________________|

Phase 4.3.1 Print Estimated Congestion | Checksum: 15e3af715

Time (s): cpu = 00:00:06 ; elapsed = 00:00:02 . Memory (MB): peak = 3272.121 ; gain = 0.000 ; free physical = 294 ; free virtual = 11453
Phase 4.3 Placer Reporting | Checksum: 15e3af715

Time (s): cpu = 00:00:06 ; elapsed = 00:00:02 . Memory (MB): peak = 3272.121 ; gain = 0.000 ; free physical = 294 ; free virtual = 11453

Phase 4.4 Final Placement Cleanup
Netlist sorting complete. Time (s): cpu = 00:00:00 ; elapsed = 00:00:00 . Memory (MB): peak = 3272.121 ; gain = 0.000 ; free physical = 294 ; free virtual = 11453

Time (s): cpu = 00:00:06 ; elapsed = 00:00:02 . Memory (MB): peak = 3272.121 ; gain = 0.000 ; free physical = 294 ; free virtual = 11453
Phase 4 Post Placement Optimization and Clean-Up | Checksum: 1dd4a3207

Time (s): cpu = 00:00:06 ; elapsed = 00:00:02 . Memory (MB): peak = 3272.121 ; gain = 0.000 ; free physical = 294 ; free virtual = 11453
Ending Placer Task | Checksum: 10f25bc8b

Time (s): cpu = 00:00:06 ; elapsed = 00:00:02 . Memory (MB): peak = 3272.121 ; gain = 0.000 ; free physical = 294 ; free virtual = 11454
51 Infos, 3 Warnings, 0 Critical Warnings and 0 Errors encountered.
place_design completed successfully
INFO: [Vivado 12-24838] Running report commands "report_control_sets, report_io, report_utilization" in parallel.
Running report generation with 3 threads.
INFO: [Vivado 12-24828] Executing command : report_control_sets -verbose -file ZED_IRQ_control_sets_placed.rpt
report_control_sets: Time (s): cpu = 00:00:00.06 ; elapsed = 00:00:00.14 . Memory (MB): peak = 3272.121 ; gain = 0.000 ; free physical = 286 ; free virtual = 11446
INFO: [Vivado 12-24828] Executing command : report_utilization -file ZED_IRQ_utilization_placed.rpt -pb ZED_IRQ_utilization_placed.pb
INFO: [Vivado 12-24828] Executing command : report_io -file ZED_IRQ_io_placed.rpt
report_io: Time (s): cpu = 00:00:00.2 ; elapsed = 00:00:00.36 . Memory (MB): peak = 3272.121 ; gain = 0.000 ; free physical = 271 ; free virtual = 11431
Wrote PlaceDB: Time (s): cpu = 00:00:00 ; elapsed = 00:00:00 . Memory (MB): peak = 3272.121 ; gain = 0.000 ; free physical = 271 ; free virtual = 11431
INFO: [Timing 38-480] Writing timing data to binary archive.
Wrote PulsedLatchDB: Time (s): cpu = 00:00:00 ; elapsed = 00:00:00 . Memory (MB): peak = 3272.121 ; gain = 0.000 ; free physical = 271 ; free virtual = 11431
Writing XDEF routing.
Write ShapeDB Complete: Time (s): cpu = 00:00:00.06 ; elapsed = 00:00:00.02 . Memory (MB): peak = 3272.121 ; gain = 0.000 ; free physical = 271 ; free virtual = 11431
Writing XDEF routing logical nets.
Writing XDEF routing special nets.
Wrote RouteStorage: Time (s): cpu = 00:00:00.12 ; elapsed = 00:00:00.03 . Memory (MB): peak = 3272.121 ; gain = 0.000 ; free physical = 271 ; free virtual = 11432
Wrote PlaceStorage: Time (s): cpu = 00:00:00.1 ; elapsed = 00:00:00.06 . Memory (MB): peak = 3272.121 ; gain = 0.000 ; free physical = 257 ; free virtual = 11420
Wrote Netlist Cache: Time (s): cpu = 00:00:00.01 ; elapsed = 00:00:00.01 . Memory (MB): peak = 3272.121 ; gain = 0.000 ; free physical = 257 ; free virtual = 11420
Wrote Device Cache: Time (s): cpu = 00:00:00.01 ; elapsed = 00:00:00.03 . Memory (MB): peak = 3272.121 ; gain = 0.000 ; free physical = 261 ; free virtual = 11426
Write Physdb Complete: Time (s): cpu = 00:00:00.26 ; elapsed = 00:00:00.15 . Memory (MB): peak = 3272.121 ; gain = 0.000 ; free physical = 262 ; free virtual = 11426
INFO: [Common 17-1381] The checkpoint '/media/bartek/LEXAR/SUT/SoC/Projekt-LED-Matrix-Clock/SoC-LED-Clock/SoC-LED-Clock.runs/impl_1/ZED_IRQ_placed.dcp' has been generated.
Command: phys_opt_design
Attempting to get a license for feature 'Implementation' and/or device 'xc7z020'
INFO: [Common 17-349] Got license for feature 'Implementation' and/or device 'xc7z020'

Starting Initial Update Timing Task

Time (s): cpu = 00:00:00.11 ; elapsed = 00:00:00.07 . Memory (MB): peak = 3272.121 ; gain = 0.000 ; free physical = 270 ; free virtual = 11434
INFO: [Vivado_Tcl 4-235] No timing constraint found. The netlist was not modified.
INFO: [Common 17-83] Releasing license: Implementation
60 Infos, 3 Warnings, 0 Critical Warnings and 0 Errors encountered.
phys_opt_design completed successfully
Wrote PlaceDB: Time (s): cpu = 00:00:00 ; elapsed = 00:00:00 . Memory (MB): peak = 3272.121 ; gain = 0.000 ; free physical = 270 ; free virtual = 11434
INFO: [Timing 38-480] Writing timing data to binary archive.
Wrote PulsedLatchDB: Time (s): cpu = 00:00:00 ; elapsed = 00:00:00 . Memory (MB): peak = 3272.121 ; gain = 0.000 ; free physical = 270 ; free virtual = 11434
Writing XDEF routing.
Write ShapeDB Complete: Time (s): cpu = 00:00:00.04 ; elapsed = 00:00:00.01 . Memory (MB): peak = 3272.121 ; gain = 0.000 ; free physical = 270 ; free virtual = 11435
Writing XDEF routing logical nets.
Writing XDEF routing special nets.
Wrote RouteStorage: Time (s): cpu = 00:00:00.11 ; elapsed = 00:00:00.03 . Memory (MB): peak = 3272.121 ; gain = 0.000 ; free physical = 270 ; free virtual = 11435
Wrote PlaceStorage: Time (s): cpu = 00:00:00.12 ; elapsed = 00:00:00.06 . Memory (MB): peak = 3272.121 ; gain = 0.000 ; free physical = 270 ; free virtual = 11437
Wrote Netlist Cache: Time (s): cpu = 00:00:00.01 ; elapsed = 00:00:00.01 . Memory (MB): peak = 3272.121 ; gain = 0.000 ; free physical = 270 ; free virtual = 11437
Wrote Device Cache: Time (s): cpu = 00:00:00.01 ; elapsed = 00:00:00.03 . Memory (MB): peak = 3272.121 ; gain = 0.000 ; free physical = 271 ; free virtual = 11444
Write Physdb Complete: Time (s): cpu = 00:00:00.26 ; elapsed = 00:00:00.14 . Memory (MB): peak = 3272.121 ; gain = 0.000 ; free physical = 271 ; free virtual = 11444
INFO: [Common 17-1381] The checkpoint '/media/bartek/LEXAR/SUT/SoC/Projekt-LED-Matrix-Clock/SoC-LED-Clock/SoC-LED-Clock.runs/impl_1/ZED_IRQ_physopt.dcp' has been generated.
Command: route_design
Attempting to get a license for feature 'Implementation' and/or device 'xc7z020'
INFO: [Common 17-349] Got license for feature 'Implementation' and/or device 'xc7z020'


Starting Routing Task
INFO: [Route 35-254] Multithreading enabled for route_design using a maximum of 8 CPUs

Phase 1 Build RT Design
Checksum: PlaceDB: 59e615c1 ConstDB: 0 ShapeSum: 9f4633da RouteDB: 15f972f0
Post Restoration Checksum: NetGraph: 7f2625b3 | NumContArr: 72f9a2b8 | Constraints: c2a8fa9d | Timing: c2a8fa9d
Phase 1 Build RT Design | Checksum: 27771bda5

Time (s): cpu = 00:00:26 ; elapsed = 00:00:23 . Memory (MB): peak = 3272.121 ; gain = 0.000 ; free physical = 290 ; free virtual = 11481

Phase 2 Router Initialization
INFO: [Route 35-64] No timing constraints were detected. The router will operate in resource-optimization mode.

Phase 2.1 Fix Topology Constraints
Phase 2.1 Fix Topology Constraints | Checksum: 27771bda5

Time (s): cpu = 00:00:26 ; elapsed = 00:00:23 . Memory (MB): peak = 3272.121 ; gain = 0.000 ; free physical = 290 ; free virtual = 11481

Phase 2.2 Pre Route Cleanup
Phase 2.2 Pre Route Cleanup | Checksum: 27771bda5

Time (s): cpu = 00:00:26 ; elapsed = 00:00:23 . Memory (MB): peak = 3272.121 ; gain = 0.000 ; free physical = 290 ; free virtual = 11481
 Number of Nodes with overlaps = 0

Router Utilization Summary
  Global Vertical Routing Utilization    = 0 %
  Global Horizontal Routing Utilization  = 0 %
  Routable Net Status*
  *Does not include unroutable nets such as driverless and loadless.
  Run report_route_status for detailed report.
  Number of Failed Nets               = 1120
    (Failed Nets is the sum of unrouted and partially routed nets)
  Number of Unrouted Nets             = 1120
  Number of Partially Routed Nets     = 0
  Number of Node Overlaps             = 0

Phase 2 Router Initialization | Checksum: 34ed9efc5

Time (s): cpu = 00:00:27 ; elapsed = 00:00:23 . Memory (MB): peak = 3272.121 ; gain = 0.000 ; free physical = 287 ; free virtual = 11476

Phase 3 Global Routing
Phase 3 Global Routing | Checksum: 34ed9efc5

Time (s): cpu = 00:00:27 ; elapsed = 00:00:23 . Memory (MB): peak = 3272.121 ; gain = 0.000 ; free physical = 287 ; free virtual = 11476

Phase 4 Initial Routing

Phase 4.1 Initial Net Routing Pass
Phase 4.1 Initial Net Routing Pass | Checksum: 22edba208

Time (s): cpu = 00:00:28 ; elapsed = 00:00:23 . Memory (MB): peak = 3272.121 ; gain = 0.000 ; free physical = 283 ; free virtual = 11472
Phase 4 Initial Routing | Checksum: 22edba208

Time (s): cpu = 00:00:28 ; elapsed = 00:00:23 . Memory (MB): peak = 3272.121 ; gain = 0.000 ; free physical = 283 ; free virtual = 11472

Phase 5 Rip-up And Reroute

Phase 5.1 Global Iteration 0
 Number of Nodes with overlaps = 53
 Number of Nodes with overlaps = 0
Phase 5.1 Global Iteration 0 | Checksum: 27f410008

Time (s): cpu = 00:00:28 ; elapsed = 00:00:23 . Memory (MB): peak = 3272.121 ; gain = 0.000 ; free physical = 286 ; free virtual = 11476
Phase 5 Rip-up And Reroute | Checksum: 27f410008

Time (s): cpu = 00:00:28 ; elapsed = 00:00:23 . Memory (MB): peak = 3272.121 ; gain = 0.000 ; free physical = 287 ; free virtual = 11476

Phase 6 Delay and Skew Optimization
Phase 6 Delay and Skew Optimization | Checksum: 27f410008

Time (s): cpu = 00:00:28 ; elapsed = 00:00:23 . Memory (MB): peak = 3272.121 ; gain = 0.000 ; free physical = 287 ; free virtual = 11476

Phase 7 Post Hold Fix

Phase 7.1 Hold Fix Iter
Phase 7.1 Hold Fix Iter | Checksum: 27f410008

Time (s): cpu = 00:00:28 ; elapsed = 00:00:23 . Memory (MB): peak = 3272.121 ; gain = 0.000 ; free physical = 287 ; free virtual = 11476
Phase 7 Post Hold Fix | Checksum: 27f410008

Time (s): cpu = 00:00:28 ; elapsed = 00:00:23 . Memory (MB): peak = 3272.121 ; gain = 0.000 ; free physical = 287 ; free virtual = 11476

Phase 8 Route finalize

Router Utilization Summary
  Global Vertical Routing Utilization    = 0.174226 %
  Global Horizontal Routing Utilization  = 0.233604 %
  Routable Net Status*
  *Does not include unroutable nets such as driverless and loadless.
  Run report_route_status for detailed report.
  Number of Failed Nets               = 0
    (Failed Nets is the sum of unrouted and partially routed nets)
  Number of Unrouted Nets             = 0
  Number of Partially Routed Nets     = 0
  Number of Node Overlaps             = 0


--GLOBAL Congestion:
Utilization threshold used for congestion level computation: 0.85
Congestion Report
North Dir 1x1 Area, Max Cong = 28.8288%, No Congested Regions.
South Dir 1x1 Area, Max Cong = 47.7477%, No Congested Regions.
East Dir 1x1 Area, Max Cong = 38.2353%, No Congested Regions.
West Dir 1x1 Area, Max Cong = 26.4706%, No Congested Regions.

------------------------------
Reporting congestion hotspots
------------------------------
Direction: North
----------------
Congested clusters found at Level 0
Effective congestion level: 0 Aspect Ratio: 1 Sparse Ratio: 0
Direction: South
----------------
Congested clusters found at Level 0
Effective congestion level: 0 Aspect Ratio: 1 Sparse Ratio: 0
Direction: East
----------------
Congested clusters found at Level 0
Effective congestion level: 0 Aspect Ratio: 1 Sparse Ratio: 0
Direction: West
----------------
Congested clusters found at Level 0
Effective congestion level: 0 Aspect Ratio: 1 Sparse Ratio: 0

Phase 8 Route finalize | Checksum: 27f410008

Time (s): cpu = 00:00:28 ; elapsed = 00:00:23 . Memory (MB): peak = 3272.121 ; gain = 0.000 ; free physical = 288 ; free virtual = 11477

Phase 9 Verifying routed nets

 Verification completed successfully
Phase 9 Verifying routed nets | Checksum: 27f410008

Time (s): cpu = 00:00:28 ; elapsed = 00:00:23 . Memory (MB): peak = 3272.121 ; gain = 0.000 ; free physical = 288 ; free virtual = 11477

Phase 10 Depositing Routes
Phase 10 Depositing Routes | Checksum: 2746459b3

Time (s): cpu = 00:00:28 ; elapsed = 00:00:24 . Memory (MB): peak = 3272.121 ; gain = 0.000 ; free physical = 285 ; free virtual = 11475

Phase 11 Post Process Routing
Phase 11 Post Process Routing | Checksum: 2746459b3

Time (s): cpu = 00:00:28 ; elapsed = 00:00:24 . Memory (MB): peak = 3272.121 ; gain = 0.000 ; free physical = 285 ; free virtual = 11475
Total Elapsed time in route_design: 23.58 secs

Phase 12 Post-Route Event Processing
Phase 12 Post-Route Event Processing | Checksum: 1433f4651

Time (s): cpu = 00:00:28 ; elapsed = 00:00:24 . Memory (MB): peak = 3272.121 ; gain = 0.000 ; free physical = 285 ; free virtual = 11474
INFO: [Route 35-16] Router Completed Successfully
Ending Routing Task | Checksum: 1433f4651

Time (s): cpu = 00:00:28 ; elapsed = 00:00:24 . Memory (MB): peak = 3272.121 ; gain = 0.000 ; free physical = 286 ; free virtual = 11475

Routing Is Done.
INFO: [Common 17-83] Releasing license: Implementation
67 Infos, 3 Warnings, 0 Critical Warnings and 0 Errors encountered.
route_design completed successfully
route_design: Time (s): cpu = 00:00:28 ; elapsed = 00:00:24 . Memory (MB): peak = 3272.121 ; gain = 0.000 ; free physical = 287 ; free virtual = 11476
INFO: [Vivado 12-24828] Executing command : report_drc -file ZED_IRQ_drc_routed.rpt -pb ZED_IRQ_drc_routed.pb -rpx ZED_IRQ_drc_routed.rpx
Command: report_drc -file ZED_IRQ_drc_routed.rpt -pb ZED_IRQ_drc_routed.pb -rpx ZED_IRQ_drc_routed.rpx
INFO: [IP_Flow 19-1839] IP Catalog is up to date.
INFO: [DRC 23-27] Running DRC with 8 threads
INFO: [Vivado_Tcl 2-168] The results of DRC are in file /media/bartek/LEXAR/SUT/SoC/Projekt-LED-Matrix-Clock/SoC-LED-Clock/SoC-LED-Clock.runs/impl_1/ZED_IRQ_drc_routed.rpt.
report_drc completed successfully
INFO: [Vivado 12-24828] Executing command : report_methodology -file ZED_IRQ_methodology_drc_routed.rpt -pb ZED_IRQ_methodology_drc_routed.pb -rpx ZED_IRQ_methodology_drc_routed.rpx
Command: report_methodology -file ZED_IRQ_methodology_drc_routed.rpt -pb ZED_IRQ_methodology_drc_routed.pb -rpx ZED_IRQ_methodology_drc_routed.rpx
INFO: [Timing 38-35] Done setting XDC timing constraints.
INFO: [DRC 23-133] Running Methodology with 8 threads
INFO: [Vivado_Tcl 2-1520] The results of Report Methodology are in file /media/bartek/LEXAR/SUT/SoC/Projekt-LED-Matrix-Clock/SoC-LED-Clock/SoC-LED-Clock.runs/impl_1/ZED_IRQ_methodology_drc_routed.rpt.
report_methodology completed successfully
INFO: [Vivado 12-24828] Executing command : report_timing_summary -max_paths 10 -routable_nets -report_unconstrained -file ZED_IRQ_timing_summary_routed.rpt -pb ZED_IRQ_timing_summary_routed.pb -rpx ZED_IRQ_timing_summary_routed.rpx -warn_on_violation 
INFO: [Timing 38-35] Done setting XDC timing constraints.
INFO: [Timing 38-91] UpdateTimingParams: Speed grade: -1, Delay Type: min_max.
INFO: [Timing 38-191] Multithreading enabled for timing update using a maximum of 8 CPUs
WARNING: [Timing 38-313] There are no user specified timing constraints. Timing constraints are needed for proper timing analysis.
INFO: [Vivado 12-24838] Running report commands "report_bus_skew, report_incremental_reuse, report_route_status" in parallel.
Running report generation with 3 threads.
INFO: [Vivado 12-24828] Executing command : report_incremental_reuse -file ZED_IRQ_incremental_reuse_routed.rpt
INFO: [Vivado_Tcl 4-1062] Incremental flow is disabled. No incremental reuse Info to report.
INFO: [Vivado 12-24828] Executing command : report_route_status -file ZED_IRQ_route_status.rpt -pb ZED_IRQ_route_status.pb
INFO: [Vivado 12-24828] Executing command : report_bus_skew -warn_on_violation -file ZED_IRQ_bus_skew_routed.rpt -pb ZED_IRQ_bus_skew_routed.pb -rpx ZED_IRQ_bus_skew_routed.rpx
INFO: [Timing 38-91] UpdateTimingParams: Speed grade: -1, Delay Type: min_max.
INFO: [Timing 38-191] Multithreading enabled for timing update using a maximum of 8 CPUs
INFO: [Vivado 12-24828] Executing command : report_power -file ZED_IRQ_power_routed.rpt -pb ZED_IRQ_power_summary_routed.pb -rpx ZED_IRQ_power_routed.rpx
Command: report_power -file ZED_IRQ_power_routed.rpt -pb ZED_IRQ_power_summary_routed.pb -rpx ZED_IRQ_power_routed.rpx
WARNING: [Power 33-198] PS7 POWER property is not specified on the PS7 instance. Power reported will not be accurate.
WARNING: [Power 33-232] No user defined clocks were found in the design! Power estimation will be inaccurate until this is corrected.
Resolution: Please specify clocks using create_clock/create_generated_clock for sequential elements. For pure combinatorial circuits, please specify a virtual clock, otherwise the vectorless estimation might be inaccurate
Running Vector-less Activity Propagation...

Finished Running Vector-less Activity Propagation
87 Infos, 6 Warnings, 0 Critical Warnings and 0 Errors encountered.
report_power completed successfully
INFO: [Vivado 12-24828] Executing command : report_clock_utilization -file ZED_IRQ_clock_utilization_routed.rpt
INFO: [Timing 38-480] Writing timing data to binary archive.
Wrote PlaceDB: Time (s): cpu = 00:00:00 ; elapsed = 00:00:00 . Memory (MB): peak = 3272.121 ; gain = 0.000 ; free physical = 281 ; free virtual = 11459
Wrote PulsedLatchDB: Time (s): cpu = 00:00:00 ; elapsed = 00:00:00 . Memory (MB): peak = 3272.121 ; gain = 0.000 ; free physical = 281 ; free virtual = 11459
Writing XDEF routing.
Write ShapeDB Complete: Time (s): cpu = 00:00:00.05 ; elapsed = 00:00:00.02 . Memory (MB): peak = 3272.121 ; gain = 0.000 ; free physical = 278 ; free virtual = 11462
Writing XDEF routing logical nets.
Writing XDEF routing special nets.
Wrote RouteStorage: Time (s): cpu = 00:00:00.16 ; elapsed = 00:00:00.06 . Memory (MB): peak = 3272.121 ; gain = 0.000 ; free physical = 253 ; free virtual = 11445
Wrote PlaceStorage: Time (s): cpu = 00:00:00.09 ; elapsed = 00:00:00.06 . Memory (MB): peak = 3272.121 ; gain = 0.000 ; free physical = 246 ; free virtual = 11437
Wrote Netlist Cache: Time (s): cpu = 00:00:00 ; elapsed = 00:00:00.01 . Memory (MB): peak = 3272.121 ; gain = 0.000 ; free physical = 246 ; free virtual = 11437
Wrote Device Cache: Time (s): cpu = 00:00:00.02 ; elapsed = 00:00:00.03 . Memory (MB): peak = 3272.121 ; gain = 0.000 ; free physical = 244 ; free virtual = 11437
Write Physdb Complete: Time (s): cpu = 00:00:00.29 ; elapsed = 00:00:00.16 . Memory (MB): peak = 3272.121 ; gain = 0.000 ; free physical = 244 ; free virtual = 11437
INFO: [Common 17-1381] The checkpoint '/media/bartek/LEXAR/SUT/SoC/Projekt-LED-Matrix-Clock/SoC-LED-Clock/SoC-LED-Clock.runs/impl_1/ZED_IRQ_routed.dcp' has been generated.
INFO: [Common 17-206] Exiting Vivado at Mon Jun 22 19:58:55 2026...
