Copyright 1986-2022 Xilinx, Inc. All Rights Reserved. Copyright 2022-2025 Advanced Micro Devices, Inc. All Rights Reserved.
---------------------------------------------------------------------------------------------------------------------------------------------
| Tool Version : Vivado v.2025.2 (lin64) Build 6299465 Fri Nov 14 12:34:56 MST 2025
| Date         : Thu Jun 18 13:45:19 2026
| Host         : Ruby-Legion5 running 64-bit Fedora Linux 44 (Workstation Edition)
| Command      : report_control_sets -verbose -file top_control_sets_placed.rpt
| Design       : top
| Device       : xc7z020
---------------------------------------------------------------------------------------------------------------------------------------------

Control Set Information

Table of Contents
-----------------
1. Summary
2. Histogram
3. Flip-Flop Distribution
4. Detailed Control Set Information

1. Summary
----------

+----------------------------------------------------------+-------+
|                          Status                          | Count |
+----------------------------------------------------------+-------+
| Total control sets                                       |    15 |
|    Minimum number of control sets                        |    15 |
|    Addition due to synthesis replication                 |     0 |
|    Addition due to physical synthesis replication        |     0 |
| Unused register locations in slices containing registers |    67 |
+----------------------------------------------------------+-------+
* Control sets can be merged at opt_design using control_set_merge or merge_equivalent_drivers
** Run report_qor_suggestions for automated merging and remapping suggestions


2. Histogram
------------

+--------------------+-------+
|       Fanout       | Count |
+--------------------+-------+
| Total control sets |    15 |
| >= 0 to < 4        |     3 |
| >= 4 to < 6        |     8 |
| >= 6 to < 8        |     1 |
| >= 8 to < 10       |     0 |
| >= 10 to < 12      |     0 |
| >= 12 to < 14      |     0 |
| >= 14 to < 16      |     0 |
| >= 16              |     3 |
+--------------------+-------+
* Control sets can be remapped at either synth_design or opt_design


3. Flip-Flop Distribution
-------------------------

+--------------+-----------------------+------------------------+-----------------+--------------+
| Clock Enable | Synchronous Set/Reset | Asynchronous Set/Reset | Total Registers | Total Slices |
+--------------+-----------------------+------------------------+-----------------+--------------+
| No           | No                    | No                     |              20 |            5 |
| No           | No                    | Yes                    |               0 |            0 |
| No           | Yes                   | No                     |               0 |            0 |
| Yes          | No                    | No                     |              26 |            8 |
| Yes          | No                    | Yes                    |               0 |            0 |
| Yes          | Yes                   | No                     |              47 |           12 |
+--------------+-----------------------+------------------------+-----------------+--------------+


4. Detailed Control Set Information
-----------------------------------

+----------------+---------------------------+-----------------------------+------------------+----------------+--------------+
|  Clock Signal  |       Enable Signal       |       Set/Reset Signal      | Slice Load Count | Bel Load Count | Bels / Slice |
+----------------+---------------------------+-----------------------------+------------------+----------------+--------------+
|  clk_IBUF_BUFG | main/fifo/clk_out_i_1_n_0 |                             |                1 |              1 |         1.00 |
|  clk_IBUF_BUFG | main/fifo/d_out0          | main/fifo/load0             |                1 |              1 |         1.00 |
|  clk_IBUF_BUFG | main/fifo/d_out_i_1_n_0   | main/fifo/d_out0            |                1 |              1 |         1.00 |
|  clk_IBUF_BUFG | main/fifo/shreg[0]        | main/fifo/shreg[59]_i_1_n_0 |                1 |              4 |         4.00 |
|  clk_IBUF_BUFG | main/fifo/shreg[0]        | main/fifo/shreg[51]_i_1_n_0 |                1 |              4 |         4.00 |
|  clk_IBUF_BUFG | main/fifo/shreg[0]        | main/fifo/shreg[56]_i_1_n_0 |                1 |              4 |         4.00 |
|  clk_IBUF_BUFG | main/fifo/shreg[0]        | main/fifo/shreg[57]_i_1_n_0 |                1 |              4 |         4.00 |
|  clk_IBUF_BUFG | main/fifo/E[0]            |                             |                2 |              4 |         2.00 |
|  clk_IBUF_BUFG | main/row_idx[0]           |                             |                1 |              4 |         4.00 |
|  clk_IBUF_BUFG | main/trans/state_n_0      |                             |                1 |              5 |         5.00 |
|  clk_IBUF_BUFG | main/data[59]_i_2_n_0     | main/data0                  |                1 |              5 |         5.00 |
|  clk_IBUF_BUFG | main/fifo/clk_out_i_2_n_0 | main/fifo/d_out0            |                2 |              7 |         3.50 |
|  clk_IBUF_BUFG | main/fifo/shreg[0]        | main/fifo/shreg[58]_i_1_n_0 |                3 |             17 |         5.67 |
|  clk_IBUF_BUFG |                           |                             |                5 |             20 |         4.00 |
|  clk_IBUF_BUFG | main/fifo/shreg[0]        |                             |                3 |             20 |         6.67 |
+----------------+---------------------------+-----------------------------+------------------+----------------+--------------+


