Copyright 1986-2022 Xilinx, Inc. All Rights Reserved. Copyright 2022-2025 Advanced Micro Devices, Inc. All Rights Reserved.
---------------------------------------------------------------------------------------------------------------------------------------------------------------------------------------------------------------------
| Tool Version : Vivado v.2025.2 (lin64) Build 6299465 Fri Nov 14 12:34:56 MST 2025
| Date         : Mon Jun 15 23:31:27 2026
| Host         : Ruby-Legion5 running 64-bit Fedora Linux 44 (Workstation Edition)
| Command      : report_timing_summary -max_paths 10 -routable_nets -report_unconstrained -file top_timing_summary_routed.rpt -pb top_timing_summary_routed.pb -rpx top_timing_summary_routed.rpx -warn_on_violation
| Design       : top
| Device       : 7z020-clg484
| Speed File   : -1  PRODUCTION 1.12 2019-11-22
| Design State : Routed
---------------------------------------------------------------------------------------------------------------------------------------------------------------------------------------------------------------------

Timing Summary Report

------------------------------------------------------------------------------------------------
| Timer Settings
| --------------
------------------------------------------------------------------------------------------------

  Enable Multi Corner Analysis               :  Yes
  Enable Pessimism Removal                   :  Yes
  Pessimism Removal Resolution               :  Nearest Common Node
  Enable Input Delay Default Clock           :  No
  Enable Preset / Clear Arcs                 :  No
  Disable Flight Delays                      :  No
  Ignore I/O Paths                           :  No
  Timing Early Launch at Borrowing Latches   :  No
  Borrow Time for Max Delay Exceptions       :  Yes
  Merge Timing Exceptions                    :  Yes
  Inter-SLR Compensation                     :  Conservative

  Corner  Analyze    Analyze    
  Name    Max Paths  Min Paths  
  ------  ---------  ---------  
  Slow    Yes        Yes        
  Fast    Yes        Yes        


------------------------------------------------------------------------------------------------
| Report Methodology
| ------------------
------------------------------------------------------------------------------------------------

Rule       Severity          Description                  Violations  
---------  ----------------  ---------------------------  ----------  
TIMING-17  Critical Warning  Non-clocked sequential cell  109         

Note: This report is based on the most recent report_methodology run and may not be up-to-date. Run report_methodology on the current design for the latest report.



check_timing report

Table of Contents
-----------------
1. checking no_clock (109)
2. checking constant_clock (0)
3. checking pulse_width_clock (0)
4. checking unconstrained_internal_endpoints (213)
5. checking no_input_delay (94)
6. checking no_output_delay (14)
7. checking multiple_clock (0)
8. checking generated_clocks (0)
9. checking loops (0)
10. checking partial_input_delay (0)
11. checking partial_output_delay (0)
12. checking latch_loops (0)

1. checking no_clock (109)
--------------------------
 There are 109 register/latch pins with no clock driven by root clock pin: clk (HIGH)


2. checking constant_clock (0)
------------------------------
 There are 0 register/latch pins with constant_clock.


3. checking pulse_width_clock (0)
---------------------------------
 There are 0 register/latch pins which need pulse_width check


4. checking unconstrained_internal_endpoints (213)
--------------------------------------------------
 There are 213 pins that are not constrained for maximum delay. (HIGH)

 There are 0 pins that are not constrained for maximum delay due to constant clock.


5. checking no_input_delay (94)
-------------------------------
 There are 94 input ports with no input delay specified. (HIGH)

 There are 0 input ports with no input delay but user has a false path constraint.


6. checking no_output_delay (14)
--------------------------------
 There are 14 ports with no output delay specified. (HIGH)

 There are 0 ports with no output delay but user has a false path constraint

 There are 0 ports with no output delay but with a timing clock defined on it or propagating through it


7. checking multiple_clock (0)
------------------------------
 There are 0 register/latch pins with multiple clocks.


8. checking generated_clocks (0)
--------------------------------
 There are 0 generated clocks that are not connected to a clock source.


9. checking loops (0)
---------------------
 There are 0 combinational loops in the design.


10. checking partial_input_delay (0)
------------------------------------
 There are 0 input ports with partial input delay specified.


11. checking partial_output_delay (0)
-------------------------------------
 There are 0 ports with partial output delay specified.


12. checking latch_loops (0)
----------------------------
 There are 0 combinational latch loops in the design through latch input



------------------------------------------------------------------------------------------------
| Design Timing Summary
| ---------------------
------------------------------------------------------------------------------------------------

    WNS(ns)      TNS(ns)  TNS Failing Endpoints  TNS Total Endpoints      WHS(ns)      THS(ns)  THS Failing Endpoints  THS Total Endpoints     WPWS(ns)     TPWS(ns)  TPWS Failing Endpoints  TPWS Total Endpoints  
    -------      -------  ---------------------  -------------------      -------      -------  ---------------------  -------------------     --------     --------  ----------------------  --------------------  
        inf        0.000                      0                  227          inf        0.000                      0                  227           NA           NA                      NA                    NA  


There are no user specified timing constraints.


------------------------------------------------------------------------------------------------
| Clock Summary
| -------------
------------------------------------------------------------------------------------------------


------------------------------------------------------------------------------------------------
| Intra Clock Table
| -----------------
------------------------------------------------------------------------------------------------

Clock             WNS(ns)      TNS(ns)  TNS Failing Endpoints  TNS Total Endpoints      WHS(ns)      THS(ns)  THS Failing Endpoints  THS Total Endpoints     WPWS(ns)     TPWS(ns)  TPWS Failing Endpoints  TPWS Total Endpoints  
-----             -------      -------  ---------------------  -------------------      -------      -------  ---------------------  -------------------     --------     --------  ----------------------  --------------------  


------------------------------------------------------------------------------------------------
| Inter Clock Table
| -----------------
------------------------------------------------------------------------------------------------

From Clock    To Clock          WNS(ns)      TNS(ns)  TNS Failing Endpoints  TNS Total Endpoints      WHS(ns)      THS(ns)  THS Failing Endpoints  THS Total Endpoints  
----------    --------          -------      -------  ---------------------  -------------------      -------      -------  ---------------------  -------------------  


------------------------------------------------------------------------------------------------
| Other Path Groups Table
| -----------------------
------------------------------------------------------------------------------------------------

Path Group    From Clock    To Clock          WNS(ns)      TNS(ns)  TNS Failing Endpoints  TNS Total Endpoints      WHS(ns)      THS(ns)  THS Failing Endpoints  THS Total Endpoints  
----------    ----------    --------          -------      -------  ---------------------  -------------------      -------      -------  ---------------------  -------------------  


------------------------------------------------------------------------------------------------
| User Ignored Path Table
| -----------------------
------------------------------------------------------------------------------------------------

Path Group    From Clock    To Clock    
----------    ----------    --------    


------------------------------------------------------------------------------------------------
| Unconstrained Path Table
| ------------------------
------------------------------------------------------------------------------------------------

Path Group    From Clock    To Clock    
----------    ----------    --------    
(none)                                    


------------------------------------------------------------------------------------------------
| Timing Details
| --------------
------------------------------------------------------------------------------------------------


--------------------------------------------------------------------------------------
Path Group:  (none)
From Clock:  
  To Clock:  

Max Delay           227 Endpoints
Min Delay           227 Endpoints
--------------------------------------------------------------------------------------


Max Delay Paths
--------------------------------------------------------------------------------------
Slack:                    inf
  Source:                 start_fifo
                            (input port)
  Destination:            fifo/shreg_reg[60]/CE
  Path Group:             (none)
  Path Type:              Max at Slow Process Corner
  Data Path Delay:        9.301ns  (logic 1.085ns (11.669%)  route 8.215ns (88.331%))
  Logic Levels:           2  (IBUF=1 LUT4=1)

    Location             Delay type                Incr(ns)  Path(ns)    Netlist Resource(s)
  -------------------------------------------------------------------    -------------------
    W22                                               0.000     0.000 r  start_fifo (IN)
                         net (fo=0)                   0.000     0.000    start_fifo
    W22                  IBUF (Prop_ibuf_I_O)         0.961     0.961 r  start_fifo_IBUF_inst/O
                         net (fo=6, routed)           1.161     2.122    fifo/start_fifo_IBUF
    SLICE_X113Y44        LUT4 (Prop_lut4_I1_O)        0.124     2.246 r  fifo/shreg[63]_i_1/O
                         net (fo=64, routed)          7.054     9.301    fifo/shreg[0]
    SLICE_X112Y92        FDRE                                         r  fifo/shreg_reg[60]/CE
  -------------------------------------------------------------------    -------------------

Slack:                    inf
  Source:                 start_fifo
                            (input port)
  Destination:            fifo/shreg_reg[61]/CE
  Path Group:             (none)
  Path Type:              Max at Slow Process Corner
  Data Path Delay:        9.301ns  (logic 1.085ns (11.669%)  route 8.215ns (88.331%))
  Logic Levels:           2  (IBUF=1 LUT4=1)

    Location             Delay type                Incr(ns)  Path(ns)    Netlist Resource(s)
  -------------------------------------------------------------------    -------------------
    W22                                               0.000     0.000 r  start_fifo (IN)
                         net (fo=0)                   0.000     0.000    start_fifo
    W22                  IBUF (Prop_ibuf_I_O)         0.961     0.961 r  start_fifo_IBUF_inst/O
                         net (fo=6, routed)           1.161     2.122    fifo/start_fifo_IBUF
    SLICE_X113Y44        LUT4 (Prop_lut4_I1_O)        0.124     2.246 r  fifo/shreg[63]_i_1/O
                         net (fo=64, routed)          7.054     9.301    fifo/shreg[0]
    SLICE_X112Y92        FDRE                                         r  fifo/shreg_reg[61]/CE
  -------------------------------------------------------------------    -------------------

Slack:                    inf
  Source:                 start_fifo
                            (input port)
  Destination:            fifo/shreg_reg[62]/CE
  Path Group:             (none)
  Path Type:              Max at Slow Process Corner
  Data Path Delay:        9.301ns  (logic 1.085ns (11.669%)  route 8.215ns (88.331%))
  Logic Levels:           2  (IBUF=1 LUT4=1)

    Location             Delay type                Incr(ns)  Path(ns)    Netlist Resource(s)
  -------------------------------------------------------------------    -------------------
    W22                                               0.000     0.000 r  start_fifo (IN)
                         net (fo=0)                   0.000     0.000    start_fifo
    W22                  IBUF (Prop_ibuf_I_O)         0.961     0.961 r  start_fifo_IBUF_inst/O
                         net (fo=6, routed)           1.161     2.122    fifo/start_fifo_IBUF
    SLICE_X113Y44        LUT4 (Prop_lut4_I1_O)        0.124     2.246 r  fifo/shreg[63]_i_1/O
                         net (fo=64, routed)          7.054     9.301    fifo/shreg[0]
    SLICE_X112Y92        FDRE                                         r  fifo/shreg_reg[62]/CE
  -------------------------------------------------------------------    -------------------

Slack:                    inf
  Source:                 start_fifo
                            (input port)
  Destination:            fifo/shreg_reg[56]/CE
  Path Group:             (none)
  Path Type:              Max at Slow Process Corner
  Data Path Delay:        9.118ns  (logic 1.085ns (11.903%)  route 8.033ns (88.098%))
  Logic Levels:           2  (IBUF=1 LUT4=1)

    Location             Delay type                Incr(ns)  Path(ns)    Netlist Resource(s)
  -------------------------------------------------------------------    -------------------
    W22                                               0.000     0.000 r  start_fifo (IN)
                         net (fo=0)                   0.000     0.000    start_fifo
    W22                  IBUF (Prop_ibuf_I_O)         0.961     0.961 r  start_fifo_IBUF_inst/O
                         net (fo=6, routed)           1.161     2.122    fifo/start_fifo_IBUF
    SLICE_X113Y44        LUT4 (Prop_lut4_I1_O)        0.124     2.246 r  fifo/shreg[63]_i_1/O
                         net (fo=64, routed)          6.872     9.118    fifo/shreg[0]
    SLICE_X113Y92        FDRE                                         r  fifo/shreg_reg[56]/CE
  -------------------------------------------------------------------    -------------------

Slack:                    inf
  Source:                 start_fifo
                            (input port)
  Destination:            fifo/shreg_reg[57]/CE
  Path Group:             (none)
  Path Type:              Max at Slow Process Corner
  Data Path Delay:        9.118ns  (logic 1.085ns (11.903%)  route 8.033ns (88.098%))
  Logic Levels:           2  (IBUF=1 LUT4=1)

    Location             Delay type                Incr(ns)  Path(ns)    Netlist Resource(s)
  -------------------------------------------------------------------    -------------------
    W22                                               0.000     0.000 r  start_fifo (IN)
                         net (fo=0)                   0.000     0.000    start_fifo
    W22                  IBUF (Prop_ibuf_I_O)         0.961     0.961 r  start_fifo_IBUF_inst/O
                         net (fo=6, routed)           1.161     2.122    fifo/start_fifo_IBUF
    SLICE_X113Y44        LUT4 (Prop_lut4_I1_O)        0.124     2.246 r  fifo/shreg[63]_i_1/O
                         net (fo=64, routed)          6.872     9.118    fifo/shreg[0]
    SLICE_X113Y92        FDRE                                         r  fifo/shreg_reg[57]/CE
  -------------------------------------------------------------------    -------------------

Slack:                    inf
  Source:                 start_fifo
                            (input port)
  Destination:            fifo/shreg_reg[58]/CE
  Path Group:             (none)
  Path Type:              Max at Slow Process Corner
  Data Path Delay:        9.118ns  (logic 1.085ns (11.903%)  route 8.033ns (88.098%))
  Logic Levels:           2  (IBUF=1 LUT4=1)

    Location             Delay type                Incr(ns)  Path(ns)    Netlist Resource(s)
  -------------------------------------------------------------------    -------------------
    W22                                               0.000     0.000 r  start_fifo (IN)
                         net (fo=0)                   0.000     0.000    start_fifo
    W22                  IBUF (Prop_ibuf_I_O)         0.961     0.961 r  start_fifo_IBUF_inst/O
                         net (fo=6, routed)           1.161     2.122    fifo/start_fifo_IBUF
    SLICE_X113Y44        LUT4 (Prop_lut4_I1_O)        0.124     2.246 r  fifo/shreg[63]_i_1/O
                         net (fo=64, routed)          6.872     9.118    fifo/shreg[0]
    SLICE_X113Y92        FDRE                                         r  fifo/shreg_reg[58]/CE
  -------------------------------------------------------------------    -------------------

Slack:                    inf
  Source:                 start_fifo
                            (input port)
  Destination:            fifo/shreg_reg[59]/CE
  Path Group:             (none)
  Path Type:              Max at Slow Process Corner
  Data Path Delay:        9.118ns  (logic 1.085ns (11.903%)  route 8.033ns (88.098%))
  Logic Levels:           2  (IBUF=1 LUT4=1)

    Location             Delay type                Incr(ns)  Path(ns)    Netlist Resource(s)
  -------------------------------------------------------------------    -------------------
    W22                                               0.000     0.000 r  start_fifo (IN)
                         net (fo=0)                   0.000     0.000    start_fifo
    W22                  IBUF (Prop_ibuf_I_O)         0.961     0.961 r  start_fifo_IBUF_inst/O
                         net (fo=6, routed)           1.161     2.122    fifo/start_fifo_IBUF
    SLICE_X113Y44        LUT4 (Prop_lut4_I1_O)        0.124     2.246 r  fifo/shreg[63]_i_1/O
                         net (fo=64, routed)          6.872     9.118    fifo/shreg[0]
    SLICE_X113Y92        FDRE                                         r  fifo/shreg_reg[59]/CE
  -------------------------------------------------------------------    -------------------

Slack:                    inf
  Source:                 start_fifo
                            (input port)
  Destination:            fifo/shreg_reg[55]/CE
  Path Group:             (none)
  Path Type:              Max at Slow Process Corner
  Data Path Delay:        8.968ns  (logic 1.085ns (12.101%)  route 7.883ns (87.899%))
  Logic Levels:           2  (IBUF=1 LUT4=1)

    Location             Delay type                Incr(ns)  Path(ns)    Netlist Resource(s)
  -------------------------------------------------------------------    -------------------
    W22                                               0.000     0.000 r  start_fifo (IN)
                         net (fo=0)                   0.000     0.000    start_fifo
    W22                  IBUF (Prop_ibuf_I_O)         0.961     0.961 r  start_fifo_IBUF_inst/O
                         net (fo=6, routed)           1.161     2.122    fifo/start_fifo_IBUF
    SLICE_X113Y44        LUT4 (Prop_lut4_I1_O)        0.124     2.246 r  fifo/shreg[63]_i_1/O
                         net (fo=64, routed)          6.722     8.968    fifo/shreg[0]
    SLICE_X113Y91        FDRE                                         r  fifo/shreg_reg[55]/CE
  -------------------------------------------------------------------    -------------------

Slack:                    inf
  Source:                 start_fifo
                            (input port)
  Destination:            fifo/shreg_reg[63]/CE
  Path Group:             (none)
  Path Type:              Max at Slow Process Corner
  Data Path Delay:        8.968ns  (logic 1.085ns (12.101%)  route 7.883ns (87.899%))
  Logic Levels:           2  (IBUF=1 LUT4=1)

    Location             Delay type                Incr(ns)  Path(ns)    Netlist Resource(s)
  -------------------------------------------------------------------    -------------------
    W22                                               0.000     0.000 r  start_fifo (IN)
                         net (fo=0)                   0.000     0.000    start_fifo
    W22                  IBUF (Prop_ibuf_I_O)         0.961     0.961 r  start_fifo_IBUF_inst/O
                         net (fo=6, routed)           1.161     2.122    fifo/start_fifo_IBUF
    SLICE_X113Y44        LUT4 (Prop_lut4_I1_O)        0.124     2.246 r  fifo/shreg[63]_i_1/O
                         net (fo=64, routed)          6.722     8.968    fifo/shreg[0]
    SLICE_X113Y91        FDRE                                         r  fifo/shreg_reg[63]/CE
  -------------------------------------------------------------------    -------------------

Slack:                    inf
  Source:                 start_fifo
                            (input port)
  Destination:            fifo/shreg_reg[54]/CE
  Path Group:             (none)
  Path Type:              Max at Slow Process Corner
  Data Path Delay:        8.818ns  (logic 1.085ns (12.308%)  route 7.732ns (87.692%))
  Logic Levels:           2  (IBUF=1 LUT4=1)

    Location             Delay type                Incr(ns)  Path(ns)    Netlist Resource(s)
  -------------------------------------------------------------------    -------------------
    W22                                               0.000     0.000 r  start_fifo (IN)
                         net (fo=0)                   0.000     0.000    start_fifo
    W22                  IBUF (Prop_ibuf_I_O)         0.961     0.961 r  start_fifo_IBUF_inst/O
                         net (fo=6, routed)           1.161     2.122    fifo/start_fifo_IBUF
    SLICE_X113Y44        LUT4 (Prop_lut4_I1_O)        0.124     2.246 r  fifo/shreg[63]_i_1/O
                         net (fo=64, routed)          6.571     8.818    fifo/shreg[0]
    SLICE_X113Y90        FDRE                                         r  fifo/shreg_reg[54]/CE
  -------------------------------------------------------------------    -------------------





Min Delay Paths
--------------------------------------------------------------------------------------
Slack:                    inf
  Source:                 fifo/shreg_reg[3]/C
                            (rising edge-triggered cell FDRE)
  Destination:            fifo/shreg_reg[4]/D
  Path Group:             (none)
  Path Type:              Min at Fast Process Corner
  Data Path Delay:        0.293ns  (logic 0.186ns (63.444%)  route 0.107ns (36.556%))
  Logic Levels:           2  (FDRE=1 LUT4=1)

    Location             Delay type                Incr(ns)  Path(ns)    Netlist Resource(s)
  -------------------------------------------------------------------    -------------------
    SLICE_X113Y3         FDRE                         0.000     0.000 r  fifo/shreg_reg[3]/C
    SLICE_X113Y3         FDRE (Prop_fdre_C_Q)         0.141     0.141 r  fifo/shreg_reg[3]/Q
                         net (fo=1, routed)           0.107     0.248    fifo/in5[4]
    SLICE_X113Y4         LUT4 (Prop_lut4_I3_O)        0.045     0.293 r  fifo/shreg[4]_i_1/O
                         net (fo=1, routed)           0.000     0.293    fifo/shreg[4]_i_1_n_0
    SLICE_X113Y4         FDRE                                         r  fifo/shreg_reg[4]/D
  -------------------------------------------------------------------    -------------------

Slack:                    inf
  Source:                 fifo/bit_cnt_reg[2]/C
                            (rising edge-triggered cell FDRE)
  Destination:            fifo/bit_cnt_reg[3]/D
  Path Group:             (none)
  Path Type:              Min at Fast Process Corner
  Data Path Delay:        0.299ns  (logic 0.186ns (62.143%)  route 0.113ns (37.857%))
  Logic Levels:           2  (FDRE=1 LUT4=1)

    Location             Delay type                Incr(ns)  Path(ns)    Netlist Resource(s)
  -------------------------------------------------------------------    -------------------
    SLICE_X113Y43        FDRE                         0.000     0.000 r  fifo/bit_cnt_reg[2]/C
    SLICE_X113Y43        FDRE (Prop_fdre_C_Q)         0.141     0.141 r  fifo/bit_cnt_reg[2]/Q
                         net (fo=5, routed)           0.113     0.254    fifo/bit_cnt_reg[2]
    SLICE_X112Y43        LUT4 (Prop_lut4_I2_O)        0.045     0.299 r  fifo/bit_cnt[3]_i_1/O
                         net (fo=1, routed)           0.000     0.299    fifo/bit_cnt[3]_i_1_n_0
    SLICE_X112Y43        FDRE                                         r  fifo/bit_cnt_reg[3]/D
  -------------------------------------------------------------------    -------------------

Slack:                    inf
  Source:                 fifo/bit_cnt_reg[2]/C
                            (rising edge-triggered cell FDRE)
  Destination:            fifo/bit_cnt_reg[4]/D
  Path Group:             (none)
  Path Type:              Min at Fast Process Corner
  Data Path Delay:        0.302ns  (logic 0.189ns (62.518%)  route 0.113ns (37.482%))
  Logic Levels:           2  (FDRE=1 LUT5=1)

    Location             Delay type                Incr(ns)  Path(ns)    Netlist Resource(s)
  -------------------------------------------------------------------    -------------------
    SLICE_X113Y43        FDRE                         0.000     0.000 r  fifo/bit_cnt_reg[2]/C
    SLICE_X113Y43        FDRE (Prop_fdre_C_Q)         0.141     0.141 r  fifo/bit_cnt_reg[2]/Q
                         net (fo=5, routed)           0.113     0.254    fifo/bit_cnt_reg[2]
    SLICE_X112Y43        LUT5 (Prop_lut5_I1_O)        0.048     0.302 r  fifo/bit_cnt[4]_i_1/O
                         net (fo=1, routed)           0.000     0.302    fifo/bit_cnt[4]_i_1_n_0
    SLICE_X112Y43        FDRE                                         r  fifo/bit_cnt_reg[4]/D
  -------------------------------------------------------------------    -------------------

Slack:                    inf
  Source:                 fifo/FSM_onehot_state_reg[2]/C
                            (rising edge-triggered cell FDRE)
  Destination:            fifo/busy_reg/R
  Path Group:             (none)
  Path Type:              Min at Fast Process Corner
  Data Path Delay:        0.317ns  (logic 0.164ns (51.735%)  route 0.153ns (48.265%))
  Logic Levels:           1  (FDRE=1)

    Location             Delay type                Incr(ns)  Path(ns)    Netlist Resource(s)
  -------------------------------------------------------------------    -------------------
    SLICE_X112Y45        FDRE                         0.000     0.000 r  fifo/FSM_onehot_state_reg[2]/C
    SLICE_X112Y45        FDRE (Prop_fdre_C_Q)         0.164     0.164 r  fifo/FSM_onehot_state_reg[2]/Q
                         net (fo=5, routed)           0.153     0.317    fifo/load0
    SLICE_X113Y45        FDRE                                         r  fifo/busy_reg/R
  -------------------------------------------------------------------    -------------------

Slack:                    inf
  Source:                 fifo/FSM_onehot_state_reg[2]/C
                            (rising edge-triggered cell FDRE)
  Destination:            fifo/load_reg/S
  Path Group:             (none)
  Path Type:              Min at Fast Process Corner
  Data Path Delay:        0.317ns  (logic 0.164ns (51.735%)  route 0.153ns (48.265%))
  Logic Levels:           1  (FDRE=1)

    Location             Delay type                Incr(ns)  Path(ns)    Netlist Resource(s)
  -------------------------------------------------------------------    -------------------
    SLICE_X112Y45        FDRE                         0.000     0.000 r  fifo/FSM_onehot_state_reg[2]/C
    SLICE_X112Y45        FDRE (Prop_fdre_C_Q)         0.164     0.164 r  fifo/FSM_onehot_state_reg[2]/Q
                         net (fo=5, routed)           0.153     0.317    fifo/load0
    SLICE_X113Y45        FDSE                                         r  fifo/load_reg/S
  -------------------------------------------------------------------    -------------------

Slack:                    inf
  Source:                 fifo/FSM_onehot_state_reg[0]/C
                            (rising edge-triggered cell FDRE)
  Destination:            fifo/d_out_reg/R
  Path Group:             (none)
  Path Type:              Min at Fast Process Corner
  Data Path Delay:        0.325ns  (logic 0.164ns (50.507%)  route 0.161ns (49.493%))
  Logic Levels:           1  (FDRE=1)

    Location             Delay type                Incr(ns)  Path(ns)    Netlist Resource(s)
  -------------------------------------------------------------------    -------------------
    SLICE_X112Y45        FDRE                         0.000     0.000 r  fifo/FSM_onehot_state_reg[0]/C
    SLICE_X112Y45        FDRE (Prop_fdre_C_Q)         0.164     0.164 r  fifo/FSM_onehot_state_reg[0]/Q
                         net (fo=79, routed)          0.161     0.325    fifo/d_out0
    SLICE_X113Y46        FDRE                                         r  fifo/d_out_reg/R
  -------------------------------------------------------------------    -------------------

Slack:                    inf
  Source:                 fifo/shreg_reg[5]/C
                            (rising edge-triggered cell FDRE)
  Destination:            fifo/shreg_reg[6]/D
  Path Group:             (none)
  Path Type:              Min at Fast Process Corner
  Data Path Delay:        0.329ns  (logic 0.186ns (56.505%)  route 0.143ns (43.495%))
  Logic Levels:           2  (FDRE=1 LUT4=1)

    Location             Delay type                Incr(ns)  Path(ns)    Netlist Resource(s)
  -------------------------------------------------------------------    -------------------
    SLICE_X113Y5         FDRE                         0.000     0.000 r  fifo/shreg_reg[5]/C
    SLICE_X113Y5         FDRE (Prop_fdre_C_Q)         0.141     0.141 r  fifo/shreg_reg[5]/Q
                         net (fo=1, routed)           0.143     0.284    fifo/in5[6]
    SLICE_X112Y6         LUT4 (Prop_lut4_I3_O)        0.045     0.329 r  fifo/shreg[6]_i_1/O
                         net (fo=1, routed)           0.000     0.329    fifo/shreg[6]_i_1_n_0
    SLICE_X112Y6         FDRE                                         r  fifo/shreg_reg[6]/D
  -------------------------------------------------------------------    -------------------

Slack:                    inf
  Source:                 fifo/shreg_reg[1]/C
                            (rising edge-triggered cell FDRE)
  Destination:            fifo/shreg_reg[2]/D
  Path Group:             (none)
  Path Type:              Min at Fast Process Corner
  Data Path Delay:        0.344ns  (logic 0.186ns (54.053%)  route 0.158ns (45.947%))
  Logic Levels:           2  (FDRE=1 LUT4=1)

    Location             Delay type                Incr(ns)  Path(ns)    Netlist Resource(s)
  -------------------------------------------------------------------    -------------------
    SLICE_X113Y3         FDRE                         0.000     0.000 r  fifo/shreg_reg[1]/C
    SLICE_X113Y3         FDRE (Prop_fdre_C_Q)         0.141     0.141 r  fifo/shreg_reg[1]/Q
                         net (fo=1, routed)           0.158     0.299    fifo/in5[2]
    SLICE_X113Y3         LUT4 (Prop_lut4_I3_O)        0.045     0.344 r  fifo/shreg[2]_i_1/O
                         net (fo=1, routed)           0.000     0.344    fifo/shreg[2]_i_1_n_0
    SLICE_X113Y3         FDRE                                         r  fifo/shreg_reg[2]/D
  -------------------------------------------------------------------    -------------------

Slack:                    inf
  Source:                 fifo/shreg_reg[56]/C
                            (rising edge-triggered cell FDRE)
  Destination:            fifo/shreg_reg[57]/D
  Path Group:             (none)
  Path Type:              Min at Fast Process Corner
  Data Path Delay:        0.344ns  (logic 0.186ns (54.053%)  route 0.158ns (45.947%))
  Logic Levels:           2  (FDRE=1 LUT4=1)

    Location             Delay type                Incr(ns)  Path(ns)    Netlist Resource(s)
  -------------------------------------------------------------------    -------------------
    SLICE_X113Y92        FDRE                         0.000     0.000 r  fifo/shreg_reg[56]/C
    SLICE_X113Y92        FDRE (Prop_fdre_C_Q)         0.141     0.141 r  fifo/shreg_reg[56]/Q
                         net (fo=1, routed)           0.158     0.299    fifo/in5[57]
    SLICE_X113Y92        LUT4 (Prop_lut4_I3_O)        0.045     0.344 r  fifo/shreg[57]_i_1/O
                         net (fo=1, routed)           0.000     0.344    fifo/shreg[57]_i_1_n_0
    SLICE_X113Y92        FDRE                                         r  fifo/shreg_reg[57]/D
  -------------------------------------------------------------------    -------------------

Slack:                    inf
  Source:                 fifo/bit_cnt_reg[2]/C
                            (rising edge-triggered cell FDRE)
  Destination:            fifo/bit_cnt_reg[2]/D
  Path Group:             (none)
  Path Type:              Min at Fast Process Corner
  Data Path Delay:        0.351ns  (logic 0.186ns (52.919%)  route 0.165ns (47.081%))
  Logic Levels:           2  (FDRE=1 LUT3=1)

    Location             Delay type                Incr(ns)  Path(ns)    Netlist Resource(s)
  -------------------------------------------------------------------    -------------------
    SLICE_X113Y43        FDRE                         0.000     0.000 r  fifo/bit_cnt_reg[2]/C
    SLICE_X113Y43        FDRE (Prop_fdre_C_Q)         0.141     0.141 r  fifo/bit_cnt_reg[2]/Q
                         net (fo=5, routed)           0.109     0.250    fifo/bit_cnt_reg[2]
    SLICE_X112Y43        LUT3 (Prop_lut3_I2_O)        0.045     0.295 r  fifo/bit_cnt[2]_i_1/O
                         net (fo=1, routed)           0.056     0.351    fifo/bit_cnt[2]_i_1_n_0
    SLICE_X113Y43        FDRE                                         r  fifo/bit_cnt_reg[2]/D
  -------------------------------------------------------------------    -------------------





