Copyright 1986-2022 Xilinx, Inc. All Rights Reserved. Copyright 2022-2025 Advanced Micro Devices, Inc. All Rights Reserved.
---------------------------------------------------------------------------------------------------------------------------------------------------------------------------------------------------------------------------------
| Tool Version : Vivado v.2025.2 (lin64) Build 6299465 Fri Nov 14 12:34:56 MST 2025
| Date         : Sun Jun 21 22:53:16 2026
| Host         : Ruby-Legion5 running 64-bit Fedora Linux 44 (Workstation Edition)
| Command      : report_timing_summary -max_paths 10 -routable_nets -report_unconstrained -file ZED_IRQ_timing_summary_routed.rpt -pb ZED_IRQ_timing_summary_routed.pb -rpx ZED_IRQ_timing_summary_routed.rpx -warn_on_violation
| Design       : ZED_IRQ
| Device       : 7z020-clg484
| Speed File   : -1  PRODUCTION 1.12 2019-11-22
| Design State : Routed
---------------------------------------------------------------------------------------------------------------------------------------------------------------------------------------------------------------------------------

Timing Summary Report

------------------------------------------------------------------------------------------------
| Timer Settings
| --------------
------------------------------------------------------------------------------------------------

  Enable Multi Corner Analysis               :  Yes
  Enable Pessimism Removal                   :  Yes
  Pessimism Removal Resolution               :  Nearest Common Node
  Enable Input Delay Default Clock           :  No
  Enable Preset / Clear Arcs                 :  No
  Disable Flight Delays                      :  No
  Ignore I/O Paths                           :  No
  Timing Early Launch at Borrowing Latches   :  No
  Borrow Time for Max Delay Exceptions       :  Yes
  Merge Timing Exceptions                    :  Yes
  Inter-SLR Compensation                     :  Conservative

  Corner  Analyze    Analyze    
  Name    Max Paths  Min Paths  
  ------  ---------  ---------  
  Slow    Yes        Yes        
  Fast    Yes        Yes        


------------------------------------------------------------------------------------------------
| Report Methodology
| ------------------
------------------------------------------------------------------------------------------------

Rule       Severity          Description                  Violations  
---------  ----------------  ---------------------------  ----------  
TIMING-17  Critical Warning  Non-clocked sequential cell  527         

Note: This report is based on the most recent report_methodology run and may not be up-to-date. Run report_methodology on the current design for the latest report.



check_timing report

Table of Contents
-----------------
1. checking no_clock (527)
2. checking constant_clock (0)
3. checking pulse_width_clock (0)
4. checking unconstrained_internal_endpoints (1154)
5. checking no_input_delay (13)
6. checking no_output_delay (10)
7. checking multiple_clock (0)
8. checking generated_clocks (0)
9. checking loops (0)
10. checking partial_input_delay (0)
11. checking partial_output_delay (0)
12. checking latch_loops (0)

1. checking no_clock (527)
--------------------------
 There are 300 register/latch pins with no clock driven by root clock pin: CPU/FCLKCLK[0] (HIGH)

 There are 227 register/latch pins with no clock driven by root clock pin: div/clk_en_10mhz_reg/Q (HIGH)


2. checking constant_clock (0)
------------------------------
 There are 0 register/latch pins with constant_clock.


3. checking pulse_width_clock (0)
---------------------------------
 There are 0 register/latch pins which need pulse_width check


4. checking unconstrained_internal_endpoints (1154)
---------------------------------------------------
 There are 1154 pins that are not constrained for maximum delay. (HIGH)

 There are 0 pins that are not constrained for maximum delay due to constant clock.


5. checking no_input_delay (13)
-------------------------------
 There are 13 input ports with no input delay specified. (HIGH)

 There are 0 input ports with no input delay but user has a false path constraint.


6. checking no_output_delay (10)
--------------------------------
 There are 10 ports with no output delay specified. (HIGH)

 There are 0 ports with no output delay but user has a false path constraint

 There are 0 ports with no output delay but with a timing clock defined on it or propagating through it


7. checking multiple_clock (0)
------------------------------
 There are 0 register/latch pins with multiple clocks.


8. checking generated_clocks (0)
--------------------------------
 There are 0 generated clocks that are not connected to a clock source.


9. checking loops (0)
---------------------
 There are 0 combinational loops in the design.


10. checking partial_input_delay (0)
------------------------------------
 There are 0 input ports with partial input delay specified.


11. checking partial_output_delay (0)
-------------------------------------
 There are 0 ports with partial output delay specified.


12. checking latch_loops (0)
----------------------------
 There are 0 combinational latch loops in the design through latch input



------------------------------------------------------------------------------------------------
| Design Timing Summary
| ---------------------
------------------------------------------------------------------------------------------------

    WNS(ns)      TNS(ns)  TNS Failing Endpoints  TNS Total Endpoints      WHS(ns)      THS(ns)  THS Failing Endpoints  THS Total Endpoints     WPWS(ns)     TPWS(ns)  TPWS Failing Endpoints  TPWS Total Endpoints  
    -------      -------  ---------------------  -------------------      -------      -------  ---------------------  -------------------     --------     --------  ----------------------  --------------------  
        inf        0.000                      0                 1165          inf        0.000                      0                 1165           NA           NA                      NA                    NA  


There are no user specified timing constraints.


------------------------------------------------------------------------------------------------
| Clock Summary
| -------------
------------------------------------------------------------------------------------------------


------------------------------------------------------------------------------------------------
| Intra Clock Table
| -----------------
------------------------------------------------------------------------------------------------

Clock             WNS(ns)      TNS(ns)  TNS Failing Endpoints  TNS Total Endpoints      WHS(ns)      THS(ns)  THS Failing Endpoints  THS Total Endpoints     WPWS(ns)     TPWS(ns)  TPWS Failing Endpoints  TPWS Total Endpoints  
-----             -------      -------  ---------------------  -------------------      -------      -------  ---------------------  -------------------     --------     --------  ----------------------  --------------------  


------------------------------------------------------------------------------------------------
| Inter Clock Table
| -----------------
------------------------------------------------------------------------------------------------

From Clock    To Clock          WNS(ns)      TNS(ns)  TNS Failing Endpoints  TNS Total Endpoints      WHS(ns)      THS(ns)  THS Failing Endpoints  THS Total Endpoints  
----------    --------          -------      -------  ---------------------  -------------------      -------      -------  ---------------------  -------------------  


------------------------------------------------------------------------------------------------
| Other Path Groups Table
| -----------------------
------------------------------------------------------------------------------------------------

Path Group    From Clock    To Clock          WNS(ns)      TNS(ns)  TNS Failing Endpoints  TNS Total Endpoints      WHS(ns)      THS(ns)  THS Failing Endpoints  THS Total Endpoints  
----------    ----------    --------          -------      -------  ---------------------  -------------------      -------      -------  ---------------------  -------------------  


------------------------------------------------------------------------------------------------
| User Ignored Path Table
| -----------------------
------------------------------------------------------------------------------------------------

Path Group    From Clock    To Clock    
----------    ----------    --------    


------------------------------------------------------------------------------------------------
| Unconstrained Path Table
| ------------------------
------------------------------------------------------------------------------------------------

Path Group    From Clock    To Clock    
----------    ----------    --------    
(none)                                    


------------------------------------------------------------------------------------------------
| Timing Details
| --------------
------------------------------------------------------------------------------------------------


--------------------------------------------------------------------------------------
Path Group:  (none)
From Clock:  
  To Clock:  

Max Delay          1165 Endpoints
Min Delay          1165 Endpoints
--------------------------------------------------------------------------------------


Max Delay Paths
--------------------------------------------------------------------------------------
Slack:                    inf
  Source:                 SW[0]
                            (input port)
  Destination:            LED[0]
                            (output port)
  Path Group:             (none)
  Path Type:              Max at Slow Process Corner
  Data Path Delay:        12.906ns  (logic 4.851ns (37.588%)  route 8.055ns (62.412%))
  Logic Levels:           3  (IBUF=1 LUT5=1 OBUF=1)

    Location             Delay type                Incr(ns)  Path(ns)    Netlist Resource(s)
  -------------------------------------------------------------------    -------------------
    F22                                               0.000     0.000 r  SW[0] (IN)
                         net (fo=0)                   0.000     0.000    SW[0]
    F22                  IBUF (Prop_ibuf_I_O)         0.972     0.972 r  SW_IBUF[0]_inst/O
                         net (fo=9, routed)           4.753     5.725    AXI_IO_1/SW_IBUF[0]
    SLICE_X67Y49         LUT5 (Prop_lut5_I4_O)        0.154     5.879 r  AXI_IO_1/LED_OBUF[0]_inst_i_1/O
                         net (fo=1, routed)           3.302     9.181    LED_OBUF[0]
    T22                  OBUF (Prop_obuf_I_O)         3.725    12.906 r  LED_OBUF[0]_inst/O
                         net (fo=0)                   0.000    12.906    LED[0]
    T22                                                               r  LED[0] (OUT)
  -------------------------------------------------------------------    -------------------

Slack:                    inf
  Source:                 SW[0]
                            (input port)
  Destination:            LED[4]
                            (output port)
  Path Group:             (none)
  Path Type:              Max at Slow Process Corner
  Data Path Delay:        12.694ns  (logic 4.633ns (36.494%)  route 8.062ns (63.506%))
  Logic Levels:           3  (IBUF=1 LUT4=1 OBUF=1)

    Location             Delay type                Incr(ns)  Path(ns)    Netlist Resource(s)
  -------------------------------------------------------------------    -------------------
    F22                                               0.000     0.000 r  SW[0] (IN)
                         net (fo=0)                   0.000     0.000    SW[0]
    F22                  IBUF (Prop_ibuf_I_O)         0.972     0.972 r  SW_IBUF[0]_inst/O
                         net (fo=9, routed)           4.753     5.725    AXI_IO_1/SW_IBUF[0]
    SLICE_X67Y49         LUT4 (Prop_lut4_I1_O)        0.124     5.849 r  AXI_IO_1/LED_OBUF[4]_inst_i_1/O
                         net (fo=1, routed)           3.308     9.157    LED_OBUF[4]
    V22                  OBUF (Prop_obuf_I_O)         3.537    12.694 r  LED_OBUF[4]_inst/O
                         net (fo=0)                   0.000    12.694    LED[4]
    V22                                                               r  LED[4] (OUT)
  -------------------------------------------------------------------    -------------------

Slack:                    inf
  Source:                 SW[0]
                            (input port)
  Destination:            LED[5]
                            (output port)
  Path Group:             (none)
  Path Type:              Max at Slow Process Corner
  Data Path Delay:        12.494ns  (logic 4.823ns (38.600%)  route 7.672ns (61.400%))
  Logic Levels:           3  (IBUF=1 LUT4=1 OBUF=1)

    Location             Delay type                Incr(ns)  Path(ns)    Netlist Resource(s)
  -------------------------------------------------------------------    -------------------
    F22                                               0.000     0.000 r  SW[0] (IN)
                         net (fo=0)                   0.000     0.000    SW[0]
    F22                  IBUF (Prop_ibuf_I_O)         0.972     0.972 r  SW_IBUF[0]_inst/O
                         net (fo=9, routed)           4.348     5.320    AXI_IO_1/SW_IBUF[0]
    SLICE_X67Y49         LUT4 (Prop_lut4_I1_O)        0.118     5.438 r  AXI_IO_1/LED_OBUF[5]_inst_i_1/O
                         net (fo=1, routed)           3.323     8.761    LED_OBUF[5]
    W22                  OBUF (Prop_obuf_I_O)         3.733    12.494 r  LED_OBUF[5]_inst/O
                         net (fo=0)                   0.000    12.494    LED[5]
    W22                                                               r  LED[5] (OUT)
  -------------------------------------------------------------------    -------------------

Slack:                    inf
  Source:                 SW[0]
                            (input port)
  Destination:            LED[1]
                            (output port)
  Path Group:             (none)
  Path Type:              Max at Slow Process Corner
  Data Path Delay:        12.193ns  (logic 4.609ns (37.805%)  route 7.583ns (62.195%))
  Logic Levels:           3  (IBUF=1 LUT5=1 OBUF=1)

    Location             Delay type                Incr(ns)  Path(ns)    Netlist Resource(s)
  -------------------------------------------------------------------    -------------------
    F22                                               0.000     0.000 r  SW[0] (IN)
                         net (fo=0)                   0.000     0.000    SW[0]
    F22                  IBUF (Prop_ibuf_I_O)         0.972     0.972 r  SW_IBUF[0]_inst/O
                         net (fo=9, routed)           4.348     5.320    AXI_IO_1/SW_IBUF[0]
    SLICE_X67Y49         LUT5 (Prop_lut5_I4_O)        0.124     5.444 r  AXI_IO_1/LED_OBUF[1]_inst_i_1/O
                         net (fo=1, routed)           3.235     8.679    LED_OBUF[1]
    T21                  OBUF (Prop_obuf_I_O)         3.514    12.193 r  LED_OBUF[1]_inst/O
                         net (fo=0)                   0.000    12.193    LED[1]
    T21                                                               r  LED[1] (OUT)
  -------------------------------------------------------------------    -------------------

Slack:                    inf
  Source:                 SW[0]
                            (input port)
  Destination:            LED[2]
                            (output port)
  Path Group:             (none)
  Path Type:              Max at Slow Process Corner
  Data Path Delay:        12.109ns  (logic 4.627ns (38.210%)  route 7.482ns (61.790%))
  Logic Levels:           3  (IBUF=1 LUT5=1 OBUF=1)

    Location             Delay type                Incr(ns)  Path(ns)    Netlist Resource(s)
  -------------------------------------------------------------------    -------------------
    F22                                               0.000     0.000 r  SW[0] (IN)
                         net (fo=0)                   0.000     0.000    SW[0]
    F22                  IBUF (Prop_ibuf_I_O)         0.972     0.972 r  SW_IBUF[0]_inst/O
                         net (fo=9, routed)           4.352     5.324    AXI_IO_1/SW_IBUF[0]
    SLICE_X67Y49         LUT5 (Prop_lut5_I4_O)        0.124     5.448 r  AXI_IO_1/LED_OBUF[2]_inst_i_1/O
                         net (fo=1, routed)           3.130     8.578    LED_OBUF[2]
    U22                  OBUF (Prop_obuf_I_O)         3.531    12.109 r  LED_OBUF[2]_inst/O
                         net (fo=0)                   0.000    12.109    LED[2]
    U22                                                               r  LED[2] (OUT)
  -------------------------------------------------------------------    -------------------

Slack:                    inf
  Source:                 SW[0]
                            (input port)
  Destination:            LED[6]
                            (output port)
  Path Group:             (none)
  Path Type:              Max at Slow Process Corner
  Data Path Delay:        11.978ns  (logic 4.811ns (40.166%)  route 7.167ns (59.834%))
  Logic Levels:           3  (IBUF=1 LUT4=1 OBUF=1)

    Location             Delay type                Incr(ns)  Path(ns)    Netlist Resource(s)
  -------------------------------------------------------------------    -------------------
    F22                                               0.000     0.000 r  SW[0] (IN)
                         net (fo=0)                   0.000     0.000    SW[0]
    F22                  IBUF (Prop_ibuf_I_O)         0.972     0.972 r  SW_IBUF[0]_inst/O
                         net (fo=9, routed)           4.352     5.324    AXI_IO_1/SW_IBUF[0]
    SLICE_X67Y49         LUT4 (Prop_lut4_I1_O)        0.119     5.443 r  AXI_IO_1/LED_OBUF[6]_inst_i_1/O
                         net (fo=1, routed)           2.814     8.258    LED_OBUF[6]
    U19                  OBUF (Prop_obuf_I_O)         3.720    11.978 r  LED_OBUF[6]_inst/O
                         net (fo=0)                   0.000    11.978    LED[6]
    U19                                                               r  LED[6] (OUT)
  -------------------------------------------------------------------    -------------------

Slack:                    inf
  Source:                 SW[0]
                            (input port)
  Destination:            LED[7]
                            (output port)
  Path Group:             (none)
  Path Type:              Max at Slow Process Corner
  Data Path Delay:        10.834ns  (logic 4.598ns (42.438%)  route 6.236ns (57.562%))
  Logic Levels:           3  (IBUF=1 LUT4=1 OBUF=1)

    Location             Delay type                Incr(ns)  Path(ns)    Netlist Resource(s)
  -------------------------------------------------------------------    -------------------
    F22                                               0.000     0.000 r  SW[0] (IN)
                         net (fo=0)                   0.000     0.000    SW[0]
    F22                  IBUF (Prop_ibuf_I_O)         0.972     0.972 r  SW_IBUF[0]_inst/O
                         net (fo=9, routed)           2.902     3.873    SW_IBUF[0]
    SLICE_X113Y49        LUT4 (Prop_lut4_I1_O)        0.124     3.997 r  LED_OBUF[7]_inst_i_1/O
                         net (fo=1, routed)           3.335     7.332    LED_OBUF[7]
    U14                  OBUF (Prop_obuf_I_O)         3.502    10.834 r  LED_OBUF[7]_inst/O
                         net (fo=0)                   0.000    10.834    LED[7]
    U14                                                               r  LED[7] (OUT)
  -------------------------------------------------------------------    -------------------

Slack:                    inf
  Source:                 main/fifo/d_out_reg/C
                            (rising edge-triggered cell FDRE)
  Destination:            MAX_DIN
                            (output port)
  Path Group:             (none)
  Path Type:              Max at Slow Process Corner
  Data Path Delay:        9.622ns  (logic 4.071ns (42.314%)  route 5.550ns (57.686%))
  Logic Levels:           2  (FDRE=1 OBUF=1)

    Location             Delay type                Incr(ns)  Path(ns)    Netlist Resource(s)
  -------------------------------------------------------------------    -------------------
    SLICE_X38Y87         FDRE                         0.000     0.000 r  main/fifo/d_out_reg/C
    SLICE_X38Y87         FDRE (Prop_fdre_C_Q)         0.518     0.518 r  main/fifo/d_out_reg/Q
                         net (fo=1, routed)           5.550     6.068    MAX_DIN_OBUF
    Y19                  OBUF (Prop_obuf_I_O)         3.553     9.622 r  MAX_DIN_OBUF_inst/O
                         net (fo=0)                   0.000     9.622    MAX_DIN
    Y19                                                               r  MAX_DIN (OUT)
  -------------------------------------------------------------------    -------------------

Slack:                    inf
  Source:                 SW[0]
                            (input port)
  Destination:            LED[3]
                            (output port)
  Path Group:             (none)
  Path Type:              Max at Slow Process Corner
  Data Path Delay:        9.338ns  (logic 4.626ns (49.536%)  route 4.712ns (50.464%))
  Logic Levels:           3  (IBUF=1 LUT5=1 OBUF=1)

    Location             Delay type                Incr(ns)  Path(ns)    Netlist Resource(s)
  -------------------------------------------------------------------    -------------------
    F22                                               0.000     0.000 r  SW[0] (IN)
                         net (fo=0)                   0.000     0.000    SW[0]
    F22                  IBUF (Prop_ibuf_I_O)         0.972     0.972 r  SW_IBUF[0]_inst/O
                         net (fo=9, routed)           2.904     3.875    AXI_IO_1/SW_IBUF[0]
    SLICE_X113Y49        LUT5 (Prop_lut5_I4_O)        0.124     3.999 r  AXI_IO_1/LED_OBUF[3]_inst_i_1/O
                         net (fo=1, routed)           1.809     5.808    LED_OBUF[3]
    U21                  OBUF (Prop_obuf_I_O)         3.530     9.338 r  LED_OBUF[3]_inst/O
                         net (fo=0)                   0.000     9.338    LED[3]
    U21                                                               r  LED[3] (OUT)
  -------------------------------------------------------------------    -------------------

Slack:                    inf
  Source:                 SW[0]
                            (input port)
  Destination:            AXI_IO_1/S_AXI_RDATA_reg[0]/D
  Path Group:             (none)
  Path Type:              Max at Slow Process Corner
  Data Path Delay:        9.038ns  (logic 1.220ns (13.497%)  route 7.818ns (86.503%))
  Logic Levels:           3  (IBUF=1 LUT6=2)

    Location             Delay type                Incr(ns)  Path(ns)    Netlist Resource(s)
  -------------------------------------------------------------------    -------------------
    F22                                               0.000     0.000 r  SW[0] (IN)
                         net (fo=0)                   0.000     0.000    SW[0]
    F22                  IBUF (Prop_ibuf_I_O)         0.972     0.972 r  SW_IBUF[0]_inst/O
                         net (fo=9, routed)           7.030     8.001    AXI_IO_1/SW_IBUF[0]
    SLICE_X29Y90         LUT6 (Prop_lut6_I0_O)        0.124     8.125 r  AXI_IO_1/S_AXI_RDATA[0]_i_5/O
                         net (fo=1, routed)           0.788     8.914    AXI_IO_1/S_AXI_RDATA[0]_i_5_n_0
    SLICE_X28Y89         LUT6 (Prop_lut6_I5_O)        0.124     9.038 r  AXI_IO_1/S_AXI_RDATA[0]_i_1/O
                         net (fo=1, routed)           0.000     9.038    AXI_IO_1/S_AXI_RDATA[0]_i_1_n_0
    SLICE_X28Y89         FDSE                                         r  AXI_IO_1/S_AXI_RDATA_reg[0]/D
  -------------------------------------------------------------------    -------------------





Min Delay Paths
--------------------------------------------------------------------------------------
Slack:                    inf
  Source:                 main/ctrl_s1_reg[0]/C
                            (rising edge-triggered cell FDRE)
  Destination:            main/ctrl_s2_reg[0]/D
  Path Group:             (none)
  Path Type:              Min at Fast Process Corner
  Data Path Delay:        0.197ns  (logic 0.141ns (71.611%)  route 0.056ns (28.389%))
  Logic Levels:           1  (FDRE=1)

    Location             Delay type                Incr(ns)  Path(ns)    Netlist Resource(s)
  -------------------------------------------------------------------    -------------------
    SLICE_X31Y88         FDRE                         0.000     0.000 r  main/ctrl_s1_reg[0]/C
    SLICE_X31Y88         FDRE (Prop_fdre_C_Q)         0.141     0.141 r  main/ctrl_s1_reg[0]/Q
                         net (fo=1, routed)           0.056     0.197    main/ctrl_s1[0]
    SLICE_X31Y88         FDRE                                         r  main/ctrl_s2_reg[0]/D
  -------------------------------------------------------------------    -------------------

Slack:                    inf
  Source:                 main/ctrl_s1_reg[1]/C
                            (rising edge-triggered cell FDRE)
  Destination:            main/ctrl_s2_reg[1]/D
  Path Group:             (none)
  Path Type:              Min at Fast Process Corner
  Data Path Delay:        0.197ns  (logic 0.141ns (71.611%)  route 0.056ns (28.389%))
  Logic Levels:           1  (FDRE=1)

    Location             Delay type                Incr(ns)  Path(ns)    Netlist Resource(s)
  -------------------------------------------------------------------    -------------------
    SLICE_X31Y88         FDRE                         0.000     0.000 r  main/ctrl_s1_reg[1]/C
    SLICE_X31Y88         FDRE (Prop_fdre_C_Q)         0.141     0.141 r  main/ctrl_s1_reg[1]/Q
                         net (fo=1, routed)           0.056     0.197    main/ctrl_s1[1]
    SLICE_X31Y88         FDRE                                         r  main/ctrl_s2_reg[1]/D
  -------------------------------------------------------------------    -------------------

Slack:                    inf
  Source:                 main/ctrl_s1_reg[6]/C
                            (rising edge-triggered cell FDRE)
  Destination:            main/ctrl_s2_reg[6]/D
  Path Group:             (none)
  Path Type:              Min at Fast Process Corner
  Data Path Delay:        0.197ns  (logic 0.141ns (71.611%)  route 0.056ns (28.389%))
  Logic Levels:           1  (FDRE=1)

    Location             Delay type                Incr(ns)  Path(ns)    Netlist Resource(s)
  -------------------------------------------------------------------    -------------------
    SLICE_X31Y88         FDRE                         0.000     0.000 r  main/ctrl_s1_reg[6]/C
    SLICE_X31Y88         FDRE (Prop_fdre_C_Q)         0.141     0.141 r  main/ctrl_s1_reg[6]/Q
                         net (fo=1, routed)           0.056     0.197    main/ctrl_s1[6]
    SLICE_X31Y88         FDRE                                         r  main/ctrl_s2_reg[6]/D
  -------------------------------------------------------------------    -------------------

Slack:                    inf
  Source:                 main/ctrl_s1_reg[7]/C
                            (rising edge-triggered cell FDRE)
  Destination:            main/ctrl_s2_reg[7]/D
  Path Group:             (none)
  Path Type:              Min at Fast Process Corner
  Data Path Delay:        0.197ns  (logic 0.141ns (71.611%)  route 0.056ns (28.389%))
  Logic Levels:           1  (FDRE=1)

    Location             Delay type                Incr(ns)  Path(ns)    Netlist Resource(s)
  -------------------------------------------------------------------    -------------------
    SLICE_X31Y88         FDRE                         0.000     0.000 r  main/ctrl_s1_reg[7]/C
    SLICE_X31Y88         FDRE (Prop_fdre_C_Q)         0.141     0.141 r  main/ctrl_s1_reg[7]/Q
                         net (fo=1, routed)           0.056     0.197    main/ctrl_s1[7]
    SLICE_X31Y88         FDRE                                         r  main/ctrl_s2_reg[7]/D
  -------------------------------------------------------------------    -------------------

Slack:                    inf
  Source:                 AXI_IO_1/W0_DATA_reg[19]/C
                            (rising edge-triggered cell FDRE)
  Destination:            AXI_IO_1/ASCII_DATA_reg[19]/D
  Path Group:             (none)
  Path Type:              Min at Fast Process Corner
  Data Path Delay:        0.203ns  (logic 0.128ns (63.089%)  route 0.075ns (36.911%))
  Logic Levels:           1  (FDRE=1)

    Location             Delay type                Incr(ns)  Path(ns)    Netlist Resource(s)
  -------------------------------------------------------------------    -------------------
    SLICE_X29Y97         FDRE                         0.000     0.000 r  AXI_IO_1/W0_DATA_reg[19]/C
    SLICE_X29Y97         FDRE (Prop_fdre_C_Q)         0.128     0.128 r  AXI_IO_1/W0_DATA_reg[19]/Q
                         net (fo=2, routed)           0.075     0.203    AXI_IO_1/W0_DATA__0[19]
    SLICE_X28Y97         FDRE                                         r  AXI_IO_1/ASCII_DATA_reg[19]/D
  -------------------------------------------------------------------    -------------------

Slack:                    inf
  Source:                 main/data_reg[25]/C
                            (rising edge-triggered cell FDRE)
  Destination:            main/fifo/shreg_reg[25]/D
  Path Group:             (none)
  Path Type:              Min at Fast Process Corner
  Data Path Delay:        0.240ns  (logic 0.186ns (77.466%)  route 0.054ns (22.534%))
  Logic Levels:           2  (FDRE=1 LUT4=1)

    Location             Delay type                Incr(ns)  Path(ns)    Netlist Resource(s)
  -------------------------------------------------------------------    -------------------
    SLICE_X37Y93         FDRE                         0.000     0.000 r  main/data_reg[25]/C
    SLICE_X37Y93         FDRE (Prop_fdre_C_Q)         0.141     0.141 r  main/data_reg[25]/Q
                         net (fo=1, routed)           0.054     0.195    main/fifo/shreg_reg[57]_0[5]
    SLICE_X36Y93         LUT4 (Prop_lut4_I2_O)        0.045     0.240 r  main/fifo/shreg[25]_i_1/O
                         net (fo=1, routed)           0.000     0.240    main/fifo/shreg[25]_i_1_n_0
    SLICE_X36Y93         FDRE                                         r  main/fifo/shreg_reg[25]/D
  -------------------------------------------------------------------    -------------------

Slack:                    inf
  Source:                 main/trans/row_packet_reg[52]/C
                            (rising edge-triggered cell FDRE)
  Destination:            main/data_reg[52]/D
  Path Group:             (none)
  Path Type:              Min at Fast Process Corner
  Data Path Delay:        0.241ns  (logic 0.141ns (58.447%)  route 0.100ns (41.553%))
  Logic Levels:           1  (FDRE=1)

    Location             Delay type                Incr(ns)  Path(ns)    Netlist Resource(s)
  -------------------------------------------------------------------    -------------------
    SLICE_X37Y94         FDRE                         0.000     0.000 r  main/trans/row_packet_reg[52]/C
    SLICE_X37Y94         FDRE (Prop_fdre_C_Q)         0.141     0.141 r  main/trans/row_packet_reg[52]/Q
                         net (fo=1, routed)           0.100     0.241    main/packet[52]
    SLICE_X39Y95         FDRE                                         r  main/data_reg[52]/D
  -------------------------------------------------------------------    -------------------

Slack:                    inf
  Source:                 main/trans/row_packet_reg[55]/C
                            (rising edge-triggered cell FDRE)
  Destination:            main/data_reg[55]/D
  Path Group:             (none)
  Path Type:              Min at Fast Process Corner
  Data Path Delay:        0.242ns  (logic 0.141ns (58.263%)  route 0.101ns (41.737%))
  Logic Levels:           1  (FDRE=1)

    Location             Delay type                Incr(ns)  Path(ns)    Netlist Resource(s)
  -------------------------------------------------------------------    -------------------
    SLICE_X37Y94         FDRE                         0.000     0.000 r  main/trans/row_packet_reg[55]/C
    SLICE_X37Y94         FDRE (Prop_fdre_C_Q)         0.141     0.141 r  main/trans/row_packet_reg[55]/Q
                         net (fo=1, routed)           0.101     0.242    main/packet[55]
    SLICE_X39Y94         FDRE                                         r  main/data_reg[55]/D
  -------------------------------------------------------------------    -------------------

Slack:                    inf
  Source:                 AXI_IO_1/CTRL_REG_reg[6]/C
                            (rising edge-triggered cell FDRE)
  Destination:            main/ctrl_s1_reg[6]/D
  Path Group:             (none)
  Path Type:              Min at Fast Process Corner
  Data Path Delay:        0.242ns  (logic 0.128ns (52.856%)  route 0.114ns (47.144%))
  Logic Levels:           1  (FDRE=1)

    Location             Delay type                Incr(ns)  Path(ns)    Netlist Resource(s)
  -------------------------------------------------------------------    -------------------
    SLICE_X28Y88         FDRE                         0.000     0.000 r  AXI_IO_1/CTRL_REG_reg[6]/C
    SLICE_X28Y88         FDRE (Prop_fdre_C_Q)         0.128     0.128 r  AXI_IO_1/CTRL_REG_reg[6]/Q
                         net (fo=2, routed)           0.114     0.242    main/ctrl_s1_reg[7]_0[3]
    SLICE_X31Y88         FDRE                                         r  main/ctrl_s1_reg[6]/D
  -------------------------------------------------------------------    -------------------

Slack:                    inf
  Source:                 AXI_IO_1/CTRL_REG_reg[1]/C
                            (rising edge-triggered cell FDRE)
  Destination:            main/ctrl_s1_reg[1]/D
  Path Group:             (none)
  Path Type:              Min at Fast Process Corner
  Data Path Delay:        0.249ns  (logic 0.141ns (56.643%)  route 0.108ns (43.357%))
  Logic Levels:           1  (FDRE=1)

    Location             Delay type                Incr(ns)  Path(ns)    Netlist Resource(s)
  -------------------------------------------------------------------    -------------------
    SLICE_X28Y88         FDRE                         0.000     0.000 r  AXI_IO_1/CTRL_REG_reg[1]/C
    SLICE_X28Y88         FDRE (Prop_fdre_C_Q)         0.141     0.141 r  AXI_IO_1/CTRL_REG_reg[1]/Q
                         net (fo=2, routed)           0.108     0.249    main/ctrl_s1_reg[7]_0[1]
    SLICE_X31Y88         FDRE                                         r  main/ctrl_s1_reg[1]/D
  -------------------------------------------------------------------    -------------------





