
*** Running vivado
    with args -log top.vds -m64 -product Vivado -mode batch -messageDb vivado.pb -notrace -source top.tcl


****** Vivado v2025.2 (64-bit)
  **** SW Build 6299465 on Fri Nov 14 12:34:56 MST 2025
  **** IP Build 6300035 on Fri Nov 14 10:48:45 MST 2025
  **** SharedData Build 6298862 on Thu Nov 13 04:50:51 MST 2025
  **** Start of session at: Tue Jun 16 00:42:52 2026
    ** Copyright 1986-2022 Xilinx, Inc. All Rights Reserved.
    ** Copyright 2022-2025 Advanced Micro Devices, Inc. All Rights Reserved.

source top.tcl -notrace
Command: read_checkpoint -auto_incremental -incremental /media/bartek/LEXAR/SUT/SoC/Projekt-LED-Matrix-Clock/SoC-LED-Clock/SoC-LED-Clock.srcs/utils_1/imports/synth_1/top.dcp
INFO: [Vivado 12-5825] Read reference checkpoint from /media/bartek/LEXAR/SUT/SoC/Projekt-LED-Matrix-Clock/SoC-LED-Clock/SoC-LED-Clock.srcs/utils_1/imports/synth_1/top.dcp for incremental synthesis
INFO: [Vivado 12-7989] Please ensure there are no constraint changes
Command: synth_design -top top -part xc7z020clg484-1
Starting synth_design
Attempting to get a license for feature 'Synthesis' and/or device 'xc7z020'
INFO: [Common 17-349] Got license for feature 'Synthesis' and/or device 'xc7z020'
INFO: [Device 21-403] Loading part xc7z020clg484-1
INFO: [Designutils 20-5440] No compile time benefit to using incremental synthesis; A full resynthesis will be run
INFO: [Designutils 20-4379] Flow is switching to default flow due to incremental criteria not met. If you would like to alter this behaviour and have the flow terminate instead, please set the following parameter config_implementation {autoIncr.Synth.RejectBehavior Terminate}
INFO: [Synth 8-7079] Multithreading enabled for synth_design using a maximum of 7 processes.
INFO: [Synth 8-7078] Launching helper process for spawning children vivado processes
INFO: [Synth 8-7075] Helper process launched with PID 249917
---------------------------------------------------------------------------------
Starting RTL Elaboration : Time (s): cpu = 00:00:04 ; elapsed = 00:00:04 . Memory (MB): peak = 2447.664 ; gain = 482.875 ; free physical = 251 ; free virtual = 10258
---------------------------------------------------------------------------------
INFO: [Synth 8-11241] undeclared symbol 'ascii_data', assumed default net type 'wire' [/media/bartek/LEXAR/SUT/SoC/Projekt-LED-Matrix-Clock/SoC-LED-Clock/SoC-LED-Clock.srcs/sources_1/new/top.v:56]
INFO: [Synth 8-6157] synthesizing module 'top' [/media/bartek/LEXAR/SUT/SoC/Projekt-LED-Matrix-Clock/SoC-LED-Clock/SoC-LED-Clock.srcs/sources_1/new/top.v:21]
INFO: [Synth 8-6157] synthesizing module 'translator' [/media/bartek/LEXAR/SUT/SoC/Projekt-LED-Matrix-Clock/SoC-LED-Clock/SoC-LED-Clock.srcs/sources_1/new/translator.v:21]
	Parameter N bound to: 4 - type: integer 
INFO: [Synth 8-6157] synthesizing module 'font_rom' [/media/bartek/LEXAR/SUT/SoC/Projekt-LED-Matrix-Clock/SoC-LED-Clock/SoC-LED-Clock.srcs/sources_1/new/font_rom.v:21]
INFO: [Synth 8-226] default block is never used [/media/bartek/LEXAR/SUT/SoC/Projekt-LED-Matrix-Clock/SoC-LED-Clock/SoC-LED-Clock.srcs/sources_1/new/font_rom.v:82]
INFO: [Synth 8-6155] done synthesizing module 'font_rom' (0#1) [/media/bartek/LEXAR/SUT/SoC/Projekt-LED-Matrix-Clock/SoC-LED-Clock/SoC-LED-Clock.srcs/sources_1/new/font_rom.v:21]
INFO: [Synth 8-226] default block is never used [/media/bartek/LEXAR/SUT/SoC/Projekt-LED-Matrix-Clock/SoC-LED-Clock/SoC-LED-Clock.srcs/sources_1/new/translator.v:54]
INFO: [Synth 8-6155] done synthesizing module 'translator' (0#1) [/media/bartek/LEXAR/SUT/SoC/Projekt-LED-Matrix-Clock/SoC-LED-Clock/SoC-LED-Clock.srcs/sources_1/new/translator.v:21]
WARNING: [Synth 8-689] width (1) of port connection 'ascii_data' does not match port width (32) of module 'translator' [/media/bartek/LEXAR/SUT/SoC/Projekt-LED-Matrix-Clock/SoC-LED-Clock/SoC-LED-Clock.srcs/sources_1/new/top.v:56]
WARNING: [Synth 8-689] width (32) of port connection 'max_packet' does not match port width (16) of module 'translator' [/media/bartek/LEXAR/SUT/SoC/Projekt-LED-Matrix-Clock/SoC-LED-Clock/SoC-LED-Clock.srcs/sources_1/new/top.v:57]
INFO: [Synth 8-6157] synthesizing module 'dot_matrix_fifo' [/media/bartek/LEXAR/SUT/SoC/Projekt-LED-Matrix-Clock/TANG/dot_matrix_fifo.v:13]
	Parameter N bound to: 4 - type: integer 
INFO: [Synth 8-6155] done synthesizing module 'dot_matrix_fifo' (0#1) [/media/bartek/LEXAR/SUT/SoC/Projekt-LED-Matrix-Clock/TANG/dot_matrix_fifo.v:13]
INFO: [Synth 8-6155] done synthesizing module 'top' (0#1) [/media/bartek/LEXAR/SUT/SoC/Projekt-LED-Matrix-Clock/SoC-LED-Clock/SoC-LED-Clock.srcs/sources_1/new/top.v:21]
WARNING: [Synth 8-3848] Net data in module/entity top does not have driver. [/media/bartek/LEXAR/SUT/SoC/Projekt-LED-Matrix-Clock/SoC-LED-Clock/SoC-LED-Clock.srcs/sources_1/new/top.v:47]
WARNING: [Synth 8-3848] Net ascii_data in module/entity top does not have driver. [/media/bartek/LEXAR/SUT/SoC/Projekt-LED-Matrix-Clock/SoC-LED-Clock/SoC-LED-Clock.srcs/sources_1/new/top.v:56]
WARNING: [Synth 8-7129] Port ascii_data_0[31] in module top is either unconnected or has no load
WARNING: [Synth 8-7129] Port ascii_data_0[30] in module top is either unconnected or has no load
WARNING: [Synth 8-7129] Port ascii_data_0[29] in module top is either unconnected or has no load
WARNING: [Synth 8-7129] Port ascii_data_0[28] in module top is either unconnected or has no load
WARNING: [Synth 8-7129] Port ascii_data_0[27] in module top is either unconnected or has no load
WARNING: [Synth 8-7129] Port ascii_data_0[26] in module top is either unconnected or has no load
WARNING: [Synth 8-7129] Port ascii_data_0[25] in module top is either unconnected or has no load
WARNING: [Synth 8-7129] Port ascii_data_0[24] in module top is either unconnected or has no load
WARNING: [Synth 8-7129] Port ascii_data_0[23] in module top is either unconnected or has no load
WARNING: [Synth 8-7129] Port ascii_data_0[22] in module top is either unconnected or has no load
WARNING: [Synth 8-7129] Port ascii_data_0[21] in module top is either unconnected or has no load
WARNING: [Synth 8-7129] Port ascii_data_0[20] in module top is either unconnected or has no load
WARNING: [Synth 8-7129] Port ascii_data_0[19] in module top is either unconnected or has no load
WARNING: [Synth 8-7129] Port ascii_data_0[18] in module top is either unconnected or has no load
WARNING: [Synth 8-7129] Port ascii_data_0[17] in module top is either unconnected or has no load
WARNING: [Synth 8-7129] Port ascii_data_0[16] in module top is either unconnected or has no load
WARNING: [Synth 8-7129] Port ascii_data_0[15] in module top is either unconnected or has no load
WARNING: [Synth 8-7129] Port ascii_data_0[14] in module top is either unconnected or has no load
WARNING: [Synth 8-7129] Port ascii_data_0[13] in module top is either unconnected or has no load
WARNING: [Synth 8-7129] Port ascii_data_0[12] in module top is either unconnected or has no load
WARNING: [Synth 8-7129] Port ascii_data_0[11] in module top is either unconnected or has no load
WARNING: [Synth 8-7129] Port ascii_data_0[10] in module top is either unconnected or has no load
WARNING: [Synth 8-7129] Port ascii_data_0[9] in module top is either unconnected or has no load
WARNING: [Synth 8-7129] Port ascii_data_0[8] in module top is either unconnected or has no load
WARNING: [Synth 8-7129] Port ascii_data_0[7] in module top is either unconnected or has no load
WARNING: [Synth 8-7129] Port ascii_data_0[6] in module top is either unconnected or has no load
WARNING: [Synth 8-7129] Port ascii_data_0[5] in module top is either unconnected or has no load
WARNING: [Synth 8-7129] Port ascii_data_0[4] in module top is either unconnected or has no load
WARNING: [Synth 8-7129] Port ascii_data_0[3] in module top is either unconnected or has no load
WARNING: [Synth 8-7129] Port ascii_data_0[2] in module top is either unconnected or has no load
WARNING: [Synth 8-7129] Port ascii_data_0[1] in module top is either unconnected or has no load
WARNING: [Synth 8-7129] Port ascii_data_0[0] in module top is either unconnected or has no load
WARNING: [Synth 8-7129] Port ascii_data_1[31] in module top is either unconnected or has no load
WARNING: [Synth 8-7129] Port ascii_data_1[30] in module top is either unconnected or has no load
WARNING: [Synth 8-7129] Port ascii_data_1[29] in module top is either unconnected or has no load
WARNING: [Synth 8-7129] Port ascii_data_1[28] in module top is either unconnected or has no load
WARNING: [Synth 8-7129] Port ascii_data_1[27] in module top is either unconnected or has no load
WARNING: [Synth 8-7129] Port ascii_data_1[26] in module top is either unconnected or has no load
WARNING: [Synth 8-7129] Port ascii_data_1[25] in module top is either unconnected or has no load
WARNING: [Synth 8-7129] Port ascii_data_1[24] in module top is either unconnected or has no load
WARNING: [Synth 8-7129] Port ascii_data_1[23] in module top is either unconnected or has no load
WARNING: [Synth 8-7129] Port ascii_data_1[22] in module top is either unconnected or has no load
WARNING: [Synth 8-7129] Port ascii_data_1[21] in module top is either unconnected or has no load
WARNING: [Synth 8-7129] Port ascii_data_1[20] in module top is either unconnected or has no load
WARNING: [Synth 8-7129] Port ascii_data_1[19] in module top is either unconnected or has no load
WARNING: [Synth 8-7129] Port ascii_data_1[18] in module top is either unconnected or has no load
WARNING: [Synth 8-7129] Port ascii_data_1[17] in module top is either unconnected or has no load
WARNING: [Synth 8-7129] Port ascii_data_1[16] in module top is either unconnected or has no load
WARNING: [Synth 8-7129] Port ascii_data_1[15] in module top is either unconnected or has no load
WARNING: [Synth 8-7129] Port ascii_data_1[14] in module top is either unconnected or has no load
WARNING: [Synth 8-7129] Port ascii_data_1[13] in module top is either unconnected or has no load
WARNING: [Synth 8-7129] Port ascii_data_1[12] in module top is either unconnected or has no load
WARNING: [Synth 8-7129] Port ascii_data_1[11] in module top is either unconnected or has no load
WARNING: [Synth 8-7129] Port ascii_data_1[10] in module top is either unconnected or has no load
WARNING: [Synth 8-7129] Port ascii_data_1[9] in module top is either unconnected or has no load
WARNING: [Synth 8-7129] Port ascii_data_1[8] in module top is either unconnected or has no load
WARNING: [Synth 8-7129] Port ascii_data_1[7] in module top is either unconnected or has no load
WARNING: [Synth 8-7129] Port ascii_data_1[6] in module top is either unconnected or has no load
WARNING: [Synth 8-7129] Port ascii_data_1[5] in module top is either unconnected or has no load
WARNING: [Synth 8-7129] Port ascii_data_1[4] in module top is either unconnected or has no load
WARNING: [Synth 8-7129] Port ascii_data_1[3] in module top is either unconnected or has no load
WARNING: [Synth 8-7129] Port ascii_data_1[2] in module top is either unconnected or has no load
WARNING: [Synth 8-7129] Port ascii_data_1[1] in module top is either unconnected or has no load
WARNING: [Synth 8-7129] Port ascii_data_1[0] in module top is either unconnected or has no load
WARNING: [Synth 8-7129] Port blink_idx[1] in module top is either unconnected or has no load
WARNING: [Synth 8-7129] Port blink_idx[0] in module top is either unconnected or has no load
WARNING: [Synth 8-7129] Port ctrl_reg[3] in module top is either unconnected or has no load
WARNING: [Synth 8-7129] Port ctrl_reg[2] in module top is either unconnected or has no load
---------------------------------------------------------------------------------
Finished RTL Elaboration : Time (s): cpu = 00:00:06 ; elapsed = 00:00:06 . Memory (MB): peak = 2533.633 ; gain = 568.844 ; free physical = 212 ; free virtual = 10222
---------------------------------------------------------------------------------
---------------------------------------------------------------------------------
Start Handling Custom Attributes
---------------------------------------------------------------------------------
---------------------------------------------------------------------------------
Finished Handling Custom Attributes : Time (s): cpu = 00:00:06 ; elapsed = 00:00:06 . Memory (MB): peak = 2548.477 ; gain = 583.688 ; free physical = 210 ; free virtual = 10220
---------------------------------------------------------------------------------
---------------------------------------------------------------------------------
Finished RTL Optimization Phase 1 : Time (s): cpu = 00:00:06 ; elapsed = 00:00:06 . Memory (MB): peak = 2548.477 ; gain = 583.688 ; free physical = 210 ; free virtual = 10220
---------------------------------------------------------------------------------
Netlist sorting complete. Time (s): cpu = 00:00:00 ; elapsed = 00:00:00 . Memory (MB): peak = 2548.477 ; gain = 0.000 ; free physical = 198 ; free virtual = 10208
INFO: [Project 1-570] Preparing netlist for logic optimization

Processing XDC Constraints
Initializing timing engine
Parsing XDC File [/media/bartek/LEXAR/SUT/SoC/Projekt-LED-Matrix-Clock/SoC-LED-Clock/SoC-LED-Clock.srcs/constrs_1/new/constraints.xdc]
Finished Parsing XDC File [/media/bartek/LEXAR/SUT/SoC/Projekt-LED-Matrix-Clock/SoC-LED-Clock/SoC-LED-Clock.srcs/constrs_1/new/constraints.xdc]
INFO: [Project 1-236] Implementation specific constraints were found while reading constraint file [/media/bartek/LEXAR/SUT/SoC/Projekt-LED-Matrix-Clock/SoC-LED-Clock/SoC-LED-Clock.srcs/constrs_1/new/constraints.xdc]. These constraints will be ignored for synthesis but will be used in implementation. Impacted constraints are listed in the file [.Xil/top_propImpl.xdc].
Resolution: To avoid this warning, move constraints listed in [.Xil/top_propImpl.xdc] to another XDC file and exclude this new file from synthesis with the used_in_synthesis property (File Properties dialog in GUI) and re-run elaboration/synthesis.
Completed Processing XDC Constraints

Netlist sorting complete. Time (s): cpu = 00:00:00 ; elapsed = 00:00:00 . Memory (MB): peak = 2656.215 ; gain = 0.000 ; free physical = 285 ; free virtual = 10188
INFO: [Project 1-111] Unisim Transformation Summary:
No Unisim elements were transformed.

Constraint Validation Runtime : Time (s): cpu = 00:00:00 ; elapsed = 00:00:00 . Memory (MB): peak = 2656.250 ; gain = 0.000 ; free physical = 284 ; free virtual = 10187
INFO: [Designutils 20-5440] No compile time benefit to using incremental synthesis; A full resynthesis will be run
INFO: [Designutils 20-4379] Flow is switching to default flow due to incremental criteria not met. If you would like to alter this behaviour and have the flow terminate instead, please set the following parameter config_implementation {autoIncr.Synth.RejectBehavior Terminate}
---------------------------------------------------------------------------------
Finished Constraint Validation : Time (s): cpu = 00:00:12 ; elapsed = 00:00:13 . Memory (MB): peak = 2656.250 ; gain = 691.461 ; free physical = 316 ; free virtual = 10223
---------------------------------------------------------------------------------
---------------------------------------------------------------------------------
Start Loading Part and Timing Information
---------------------------------------------------------------------------------
Loading part: xc7z020clg484-1
---------------------------------------------------------------------------------
Finished Loading Part and Timing Information : Time (s): cpu = 00:00:12 ; elapsed = 00:00:13 . Memory (MB): peak = 2664.219 ; gain = 699.430 ; free physical = 316 ; free virtual = 10223
---------------------------------------------------------------------------------
---------------------------------------------------------------------------------
Start Applying 'set_property' XDC Constraints
---------------------------------------------------------------------------------
---------------------------------------------------------------------------------
Finished applying 'set_property' XDC Constraints : Time (s): cpu = 00:00:12 ; elapsed = 00:00:13 . Memory (MB): peak = 2664.219 ; gain = 699.430 ; free physical = 300 ; free virtual = 10207
---------------------------------------------------------------------------------
INFO: [Synth 8-802] inferred FSM for state register 'state_reg' in module 'translator'
INFO: [Synth 8-802] inferred FSM for state register 'state_reg' in module 'dot_matrix_fifo'
---------------------------------------------------------------------------------------------------
                   State |                     New Encoding |                Previous Encoding 
---------------------------------------------------------------------------------------------------
                    IDLE |                               00 |                               00
                   FETCH |                               01 |                               01
               TRANSLATE |                               10 |                               10
                    DONE |                               11 |                               11
---------------------------------------------------------------------------------------------------
INFO: [Synth 8-3354] encoded FSM with state register 'state_reg' using encoding 'User encoding' in module 'translator'
WARNING: [Synth 8-13157] FSM with state register 'state_reg' is not having reset. This may cause incorrect behavior. User should consider using FSM_SAFE_STATE attribute on the register
---------------------------------------------------------------------------------------------------
                   State |                     New Encoding |                Previous Encoding 
---------------------------------------------------------------------------------------------------
*
                    IDLE |                              001 |                               00
                   SHIFT |                              010 |                               01
                   LATCH |                              100 |                               10
---------------------------------------------------------------------------------------------------
INFO: [Synth 8-3354] encoded FSM with state register 'state_reg' using encoding 'one-hot' in module 'dot_matrix_fifo'
---------------------------------------------------------------------------------
Finished RTL Optimization Phase 2 : Time (s): cpu = 00:00:12 ; elapsed = 00:00:13 . Memory (MB): peak = 2664.219 ; gain = 699.430 ; free physical = 273 ; free virtual = 10184
---------------------------------------------------------------------------------
---------------------------------------------------------------------------------
Start RTL Component Statistics 
---------------------------------------------------------------------------------
Detailed RTL Component Info : 
+---Adders : 
	   2 Input    7 Bit       Adders := 1     
	   2 Input    3 Bit       Adders := 2     
+---Registers : 
	               64 Bit    Registers := 1     
	               15 Bit    Registers := 1     
	                8 Bit    Registers := 1     
	                7 Bit    Registers := 2     
	                3 Bit    Registers := 2     
	                1 Bit    Registers := 7     
+---Muxes : 
	   4 Input   64 Bit        Muxes := 1     
	   2 Input    3 Bit        Muxes := 1     
	   4 Input    3 Bit        Muxes := 3     
	   4 Input    2 Bit        Muxes := 1     
	   2 Input    2 Bit        Muxes := 2     
	   2 Input    1 Bit        Muxes := 3     
	   3 Input    1 Bit        Muxes := 3     
	   4 Input    1 Bit        Muxes := 13    
---------------------------------------------------------------------------------
Finished RTL Component Statistics 
---------------------------------------------------------------------------------
---------------------------------------------------------------------------------
Start Part Resource Summary
---------------------------------------------------------------------------------
Part Resources:
DSPs: 220 (col length:60)
BRAMs: 280 (col length: RAMB18 60 RAMB36 30)
---------------------------------------------------------------------------------
Finished Part Resource Summary
---------------------------------------------------------------------------------
---------------------------------------------------------------------------------
Start Cross Boundary and Area Optimization
---------------------------------------------------------------------------------
WARNING: [Synth 8-7129] Port ascii_data_0[31] in module top is either unconnected or has no load
WARNING: [Synth 8-7129] Port ascii_data_0[30] in module top is either unconnected or has no load
WARNING: [Synth 8-7129] Port ascii_data_0[29] in module top is either unconnected or has no load
WARNING: [Synth 8-7129] Port ascii_data_0[28] in module top is either unconnected or has no load
WARNING: [Synth 8-7129] Port ascii_data_0[27] in module top is either unconnected or has no load
WARNING: [Synth 8-7129] Port ascii_data_0[26] in module top is either unconnected or has no load
WARNING: [Synth 8-7129] Port ascii_data_0[25] in module top is either unconnected or has no load
WARNING: [Synth 8-7129] Port ascii_data_0[24] in module top is either unconnected or has no load
WARNING: [Synth 8-7129] Port ascii_data_0[23] in module top is either unconnected or has no load
WARNING: [Synth 8-7129] Port ascii_data_0[22] in module top is either unconnected or has no load
WARNING: [Synth 8-7129] Port ascii_data_0[21] in module top is either unconnected or has no load
WARNING: [Synth 8-7129] Port ascii_data_0[20] in module top is either unconnected or has no load
WARNING: [Synth 8-7129] Port ascii_data_0[19] in module top is either unconnected or has no load
WARNING: [Synth 8-7129] Port ascii_data_0[18] in module top is either unconnected or has no load
WARNING: [Synth 8-7129] Port ascii_data_0[17] in module top is either unconnected or has no load
WARNING: [Synth 8-7129] Port ascii_data_0[16] in module top is either unconnected or has no load
WARNING: [Synth 8-7129] Port ascii_data_0[15] in module top is either unconnected or has no load
WARNING: [Synth 8-7129] Port ascii_data_0[14] in module top is either unconnected or has no load
WARNING: [Synth 8-7129] Port ascii_data_0[13] in module top is either unconnected or has no load
WARNING: [Synth 8-7129] Port ascii_data_0[12] in module top is either unconnected or has no load
WARNING: [Synth 8-7129] Port ascii_data_0[11] in module top is either unconnected or has no load
WARNING: [Synth 8-7129] Port ascii_data_0[10] in module top is either unconnected or has no load
WARNING: [Synth 8-7129] Port ascii_data_0[9] in module top is either unconnected or has no load
WARNING: [Synth 8-7129] Port ascii_data_0[8] in module top is either unconnected or has no load
WARNING: [Synth 8-7129] Port ascii_data_0[7] in module top is either unconnected or has no load
WARNING: [Synth 8-7129] Port ascii_data_0[6] in module top is either unconnected or has no load
WARNING: [Synth 8-7129] Port ascii_data_0[5] in module top is either unconnected or has no load
WARNING: [Synth 8-7129] Port ascii_data_0[4] in module top is either unconnected or has no load
WARNING: [Synth 8-7129] Port ascii_data_0[3] in module top is either unconnected or has no load
WARNING: [Synth 8-7129] Port ascii_data_0[2] in module top is either unconnected or has no load
WARNING: [Synth 8-7129] Port ascii_data_0[1] in module top is either unconnected or has no load
WARNING: [Synth 8-7129] Port ascii_data_0[0] in module top is either unconnected or has no load
INFO: [Common 17-14] Message 'Synth 8-7129' appears 100 times and further instances of the messages will be disabled. Use the Tcl command set_msg_config to change the current settings.
---------------------------------------------------------------------------------
Finished Cross Boundary and Area Optimization : Time (s): cpu = 00:00:14 ; elapsed = 00:00:15 . Memory (MB): peak = 2664.219 ; gain = 699.430 ; free physical = 234 ; free virtual = 10155
---------------------------------------------------------------------------------
---------------------------------------------------------------------------------
Start Applying XDC Timing Constraints
---------------------------------------------------------------------------------
---------------------------------------------------------------------------------
Finished Applying XDC Timing Constraints : Time (s): cpu = 00:00:19 ; elapsed = 00:00:20 . Memory (MB): peak = 2722.219 ; gain = 757.430 ; free physical = 224 ; free virtual = 10145
---------------------------------------------------------------------------------
---------------------------------------------------------------------------------
Start Timing Optimization
---------------------------------------------------------------------------------
---------------------------------------------------------------------------------
Finished Timing Optimization : Time (s): cpu = 00:00:19 ; elapsed = 00:00:20 . Memory (MB): peak = 2722.219 ; gain = 757.430 ; free physical = 224 ; free virtual = 10145
---------------------------------------------------------------------------------
---------------------------------------------------------------------------------
Start Technology Mapping
---------------------------------------------------------------------------------
---------------------------------------------------------------------------------
Finished Technology Mapping : Time (s): cpu = 00:00:19 ; elapsed = 00:00:20 . Memory (MB): peak = 2751.266 ; gain = 786.477 ; free physical = 194 ; free virtual = 10116
---------------------------------------------------------------------------------
---------------------------------------------------------------------------------
Start IO Insertion
---------------------------------------------------------------------------------
---------------------------------------------------------------------------------
Start Flattening Before IO Insertion
---------------------------------------------------------------------------------
---------------------------------------------------------------------------------
Finished Flattening Before IO Insertion
---------------------------------------------------------------------------------
---------------------------------------------------------------------------------
Start Final Netlist Cleanup
---------------------------------------------------------------------------------
---------------------------------------------------------------------------------
Finished Final Netlist Cleanup
---------------------------------------------------------------------------------
---------------------------------------------------------------------------------
Finished IO Insertion : Time (s): cpu = 00:00:22 ; elapsed = 00:00:23 . Memory (MB): peak = 2919.078 ; gain = 954.289 ; free physical = 293 ; free virtual = 9963
---------------------------------------------------------------------------------
---------------------------------------------------------------------------------
Start Renaming Generated Instances
---------------------------------------------------------------------------------
---------------------------------------------------------------------------------
Finished Renaming Generated Instances : Time (s): cpu = 00:00:22 ; elapsed = 00:00:23 . Memory (MB): peak = 2919.078 ; gain = 954.289 ; free physical = 293 ; free virtual = 9963
---------------------------------------------------------------------------------
---------------------------------------------------------------------------------
Start Rebuilding User Hierarchy
---------------------------------------------------------------------------------
---------------------------------------------------------------------------------
Finished Rebuilding User Hierarchy : Time (s): cpu = 00:00:22 ; elapsed = 00:00:23 . Memory (MB): peak = 2919.078 ; gain = 954.289 ; free physical = 293 ; free virtual = 9963
---------------------------------------------------------------------------------
---------------------------------------------------------------------------------
Start Renaming Generated Ports
---------------------------------------------------------------------------------
---------------------------------------------------------------------------------
Finished Renaming Generated Ports : Time (s): cpu = 00:00:22 ; elapsed = 00:00:23 . Memory (MB): peak = 2919.078 ; gain = 954.289 ; free physical = 293 ; free virtual = 9963
---------------------------------------------------------------------------------
---------------------------------------------------------------------------------
Start Handling Custom Attributes
---------------------------------------------------------------------------------
---------------------------------------------------------------------------------
Finished Handling Custom Attributes : Time (s): cpu = 00:00:22 ; elapsed = 00:00:23 . Memory (MB): peak = 2919.078 ; gain = 954.289 ; free physical = 293 ; free virtual = 9963
---------------------------------------------------------------------------------
---------------------------------------------------------------------------------
Start Renaming Generated Nets
---------------------------------------------------------------------------------
---------------------------------------------------------------------------------
Finished Renaming Generated Nets : Time (s): cpu = 00:00:22 ; elapsed = 00:00:23 . Memory (MB): peak = 2919.078 ; gain = 954.289 ; free physical = 293 ; free virtual = 9963
---------------------------------------------------------------------------------
---------------------------------------------------------------------------------
Start Writing Synthesis Report
---------------------------------------------------------------------------------

Report BlackBoxes: 
+-+--------------+----------+
| |BlackBox name |Instances |
+-+--------------+----------+
+-+--------------+----------+

Report Cell Usage: 
+------+-----+------+
|      |Cell |Count |
+------+-----+------+
|1     |BUFG |     1|
|2     |LUT1 |     2|
|3     |LUT2 |     2|
|4     |LUT3 |     3|
|5     |LUT4 |     3|
|6     |LUT5 |     2|
|7     |LUT6 |     4|
|8     |FDRE |    11|
|9     |FDSE |     2|
|10    |IBUF |     2|
|11    |OBUF |     3|
+------+-----+------+
---------------------------------------------------------------------------------
Finished Writing Synthesis Report : Time (s): cpu = 00:00:22 ; elapsed = 00:00:23 . Memory (MB): peak = 2919.078 ; gain = 954.289 ; free physical = 293 ; free virtual = 9963
---------------------------------------------------------------------------------
Synthesis finished with 0 errors, 0 critical warnings and 69 warnings.
Synthesis Optimization Runtime : Time (s): cpu = 00:00:21 ; elapsed = 00:00:22 . Memory (MB): peak = 2919.078 ; gain = 846.516 ; free physical = 292 ; free virtual = 9962
Synthesis Optimization Complete : Time (s): cpu = 00:00:22 ; elapsed = 00:00:23 . Memory (MB): peak = 2919.086 ; gain = 954.289 ; free physical = 292 ; free virtual = 9962
INFO: [Project 1-571] Translating synthesized netlist
Netlist sorting complete. Time (s): cpu = 00:00:00 ; elapsed = 00:00:00 . Memory (MB): peak = 2919.086 ; gain = 0.000 ; free physical = 292 ; free virtual = 9962
INFO: [Project 1-570] Preparing netlist for logic optimization
INFO: [Opt 31-138] Pushed 0 inverter(s) to 0 load pin(s).
Netlist sorting complete. Time (s): cpu = 00:00:00 ; elapsed = 00:00:00 . Memory (MB): peak = 2975.105 ; gain = 0.000 ; free physical = 372 ; free virtual = 10042
INFO: [Project 1-111] Unisim Transformation Summary:
No Unisim elements were transformed.

Synth Design complete | Checksum: e0db09bd
INFO: [Common 17-83] Releasing license: Synthesis
35 Infos, 105 Warnings, 0 Critical Warnings and 0 Errors encountered.
synth_design completed successfully
synth_design: Time (s): cpu = 00:00:30 ; elapsed = 00:00:30 . Memory (MB): peak = 2975.141 ; gain = 1143.211 ; free physical = 371 ; free virtual = 10041
INFO: [Common 17-2834] synth_design peak Physical Memory [PSS] (MB): overall = 1898.177; main = 1821.474; forked = 280.559
INFO: [Common 17-2834] synth_design peak Virtual Memory [VSS] (MB): overall = 4397.828; main = 2975.109; forked = 1646.559
Write ShapeDB Complete: Time (s): cpu = 00:00:00 ; elapsed = 00:00:00 . Memory (MB): peak = 2999.117 ; gain = 0.000 ; free physical = 370 ; free virtual = 10040
INFO: [Common 17-1381] The checkpoint '/media/bartek/LEXAR/SUT/SoC/Projekt-LED-Matrix-Clock/SoC-LED-Clock/SoC-LED-Clock.runs/synth_1/top.dcp' has been generated.
INFO: [Vivado 12-24828] Executing command : report_utilization -file top_utilization_synth.rpt -pb top_utilization_synth.pb
INFO: [Common 17-206] Exiting Vivado at Tue Jun 16 00:43:28 2026...
