#! /usr/bin/vvp
:ivl_version "13.0 (stable)" "(v13_0)";
:ivl_delay_selection "TYPICAL";
:vpi_time_precision - 12;
:vpi_module "/usr/lib64/ivl/system.vpi";
:vpi_module "/usr/lib64/ivl/vhdl_sys.vpi";
:vpi_module "/usr/lib64/ivl/vhdl_textio.vpi";
:vpi_module "/usr/lib64/ivl/v2005_math.vpi";
:vpi_module "/usr/lib64/ivl/va_math.vpi";
S_0x55636630b030 .scope module, "tb_dot_matrix_fifo" "tb_dot_matrix_fifo" 2 10;
 .timescale -9 -12;
P_0x55636630b1c0 .param/l "N" 1 2 12, +C4<00000000000000000000000000000100>;
v0x55636632b650_0 .net "busy", 0 0, v0x5563662fb080_0;  1 drivers
v0x55636632b710_0 .var "clk", 0 0;
v0x55636632b7b0_0 .net "clk_out", 0 0, v0x5563662f5a80_0;  1 drivers
v0x55636632b850_0 .net "d_out", 0 0, v0x5563662f5ec0_0;  1 drivers
v0x55636632b8f0_0 .var "data", 63 0;
v0x55636632b9e0_0 .net "load", 0 0, v0x55636632aea0_0;  1 drivers
v0x55636632ba80_0 .var "start", 0 0;
S_0x55636630b260 .scope module, "dut" "dot_matrix_fifo" 2 19, 3 13 0, S_0x55636630b030;
 .timescale -9 -12;
    .port_info 0 /OUTPUT 1 "load";
    .port_info 1 /OUTPUT 1 "clk_out";
    .port_info 2 /OUTPUT 1 "d_out";
    .port_info 3 /INPUT 1 "clk_in";
    .port_info 4 /INPUT 1 "start";
    .port_info 5 /INPUT 64 "data";
    .port_info 6 /OUTPUT 1 "busy";
P_0x5563662fc740 .param/l "IDLE" 1 3 26, C4<00>;
P_0x5563662fc780 .param/l "LATCH" 1 3 28, C4<10>;
P_0x5563662fc7c0 .param/l "N" 0 3 14, +C4<00000000000000000000000000000100>;
P_0x5563662fc800 .param/l "SHIFT" 1 3 27, C4<01>;
P_0x5563662fc840 .param/l "TOTAL_BITS" 1 3 24, +C4<0000000000000000000000000000000000000000000000000000000001000000>;
v0x5563662f9fb0_0 .var "bit_cnt", 6 0;
v0x5563662fb080_0 .var "busy", 0 0;
v0x5563662f56b0_0 .net "clk_in", 0 0, v0x55636632b710_0;  1 drivers
v0x5563662f5a80_0 .var "clk_out", 0 0;
v0x5563662f5ec0_0 .var "d_out", 0 0;
v0x5563662f65a0_0 .net "data", 63 0, v0x55636632b8f0_0;  1 drivers
v0x55636632aea0_0 .var "load", 0 0;
v0x55636632af60_0 .var "phase", 0 0;
v0x55636632b020_0 .var "shreg", 63 0;
v0x55636632b100_0 .net "start", 0 0, v0x55636632ba80_0;  1 drivers
v0x55636632b1c0_0 .var "state", 1 0;
E_0x55636630e060 .event posedge, v0x5563662f56b0_0;
S_0x55636632b380 .scope task, "send_frame" "send_frame" 2 33, 2 33 0, S_0x55636630b030;
 .timescale -9 -12;
v0x55636632b550_0 .var "frame", 63 0;
E_0x55636630ccf0 .event anyedge, v0x5563662fb080_0;
TD_tb_dot_matrix_fifo.send_frame ;
    %wait E_0x55636630e060;
    %load/vec4 v0x55636632b550_0;
    %assign/vec4 v0x55636632b8f0_0, 0;
    %pushi/vec4 1, 0, 1;
    %assign/vec4 v0x55636632ba80_0, 0;
    %wait E_0x55636630e060;
    %pushi/vec4 0, 0, 1;
    %assign/vec4 v0x55636632ba80_0, 0;
T_0.0 ;
    %load/vec4 v0x55636632b650_0;
    %cmpi/ne 1, 0, 1;
    %jmp/0xz T_0.1, 6;
    %wait E_0x55636630ccf0;
    %jmp T_0.0;
T_0.1 ;
T_0.2 ;
    %load/vec4 v0x55636632b650_0;
    %nor/r;
    %cmpi/ne 1, 0, 1;
    %jmp/0xz T_0.3, 6;
    %wait E_0x55636630ccf0;
    %jmp T_0.2;
T_0.3 ;
    %wait E_0x55636630e060;
    %end;
    .scope S_0x55636630b260;
T_1 ;
    %pushi/vec4 0, 0, 2;
    %store/vec4 v0x55636632b1c0_0, 0, 2;
    %pushi/vec4 0, 0, 64;
    %store/vec4 v0x55636632b020_0, 0, 64;
    %pushi/vec4 0, 0, 7;
    %store/vec4 v0x5563662f9fb0_0, 0, 7;
    %pushi/vec4 0, 0, 1;
    %store/vec4 v0x55636632af60_0, 0, 1;
    %end;
    .thread T_1;
    .scope S_0x55636630b260;
T_2 ;
    %wait E_0x55636630e060;
    %load/vec4 v0x55636632b1c0_0;
    %dup/vec4;
    %pushi/vec4 0, 0, 2;
    %cmp/u;
    %jmp/1 T_2.0, 6;
    %dup/vec4;
    %pushi/vec4 1, 0, 2;
    %cmp/u;
    %jmp/1 T_2.1, 6;
    %dup/vec4;
    %pushi/vec4 2, 0, 2;
    %cmp/u;
    %jmp/1 T_2.2, 6;
    %pushi/vec4 0, 0, 2;
    %assign/vec4 v0x55636632b1c0_0, 0;
    %jmp T_2.4;
T_2.0 ;
    %pushi/vec4 1, 0, 1;
    %assign/vec4 v0x55636632aea0_0, 0;
    %pushi/vec4 0, 0, 1;
    %assign/vec4 v0x5563662f5a80_0, 0;
    %pushi/vec4 0, 0, 1;
    %assign/vec4 v0x5563662f5ec0_0, 0;
    %pushi/vec4 0, 0, 1;
    %assign/vec4 v0x5563662fb080_0, 0;
    %pushi/vec4 0, 0, 1;
    %assign/vec4 v0x55636632af60_0, 0;
    %pushi/vec4 64, 0, 7;
    %assign/vec4 v0x5563662f9fb0_0, 0;
    %load/vec4 v0x55636632b100_0;
    %flag_set/vec4 8;
    %jmp/0xz  T_2.5, 8;
    %load/vec4 v0x5563662f65a0_0;
    %assign/vec4 v0x55636632b020_0, 0;
    %pushi/vec4 1, 0, 1;
    %assign/vec4 v0x5563662fb080_0, 0;
    %pushi/vec4 0, 0, 1;
    %assign/vec4 v0x55636632aea0_0, 0;
    %pushi/vec4 1, 0, 2;
    %assign/vec4 v0x55636632b1c0_0, 0;
T_2.5 ;
    %jmp T_2.4;
T_2.1 ;
    %load/vec4 v0x55636632af60_0;
    %cmpi/e 0, 0, 1;
    %jmp/0xz  T_2.7, 4;
    %pushi/vec4 0, 0, 1;
    %assign/vec4 v0x5563662f5a80_0, 0;
    %load/vec4 v0x55636632b020_0;
    %parti/s 1, 63, 7;
    %assign/vec4 v0x5563662f5ec0_0, 0;
    %pushi/vec4 1, 0, 1;
    %assign/vec4 v0x55636632af60_0, 0;
    %jmp T_2.8;
T_2.7 ;
    %pushi/vec4 1, 0, 1;
    %assign/vec4 v0x5563662f5a80_0, 0;
    %load/vec4 v0x55636632b020_0;
    %parti/s 63, 0, 2;
    %concati/vec4 0, 0, 1;
    %assign/vec4 v0x55636632b020_0, 0;
    %pushi/vec4 0, 0, 1;
    %assign/vec4 v0x55636632af60_0, 0;
    %load/vec4 v0x5563662f9fb0_0;
    %subi 1, 0, 7;
    %assign/vec4 v0x5563662f9fb0_0, 0;
    %load/vec4 v0x5563662f9fb0_0;
    %pad/u 32;
    %cmpi/e 1, 0, 32;
    %jmp/0xz  T_2.9, 4;
    %pushi/vec4 2, 0, 2;
    %assign/vec4 v0x55636632b1c0_0, 0;
T_2.9 ;
T_2.8 ;
    %jmp T_2.4;
T_2.2 ;
    %pushi/vec4 0, 0, 1;
    %assign/vec4 v0x5563662f5a80_0, 0;
    %pushi/vec4 1, 0, 1;
    %assign/vec4 v0x55636632aea0_0, 0;
    %pushi/vec4 0, 0, 1;
    %assign/vec4 v0x5563662fb080_0, 0;
    %pushi/vec4 0, 0, 2;
    %assign/vec4 v0x55636632b1c0_0, 0;
    %jmp T_2.4;
T_2.4 ;
    %pop/vec4 1;
    %jmp T_2;
    .thread T_2;
    .scope S_0x55636630b030;
T_3 ;
    %pushi/vec4 0, 0, 1;
    %store/vec4 v0x55636632b710_0, 0, 1;
    %pushi/vec4 0, 0, 1;
    %store/vec4 v0x55636632ba80_0, 0, 1;
    %pushi/vec4 0, 0, 64;
    %store/vec4 v0x55636632b8f0_0, 0, 64;
    %end;
    .thread T_3;
    .scope S_0x55636630b030;
T_4 ;
    %delay 50000, 0;
    %load/vec4 v0x55636632b710_0;
    %inv;
    %store/vec4 v0x55636632b710_0, 0, 1;
    %jmp T_4;
    .thread T_4;
    .scope S_0x55636630b030;
T_5 ;
    %vpi_call 2 47 "$dumpfile", "tb.vcd" {0 0 0};
    %vpi_call 2 48 "$dumpvars", 32'sb00000000000000000000000000000000, S_0x55636630b030 {0 0 0};
    %pushi/vec4 4, 0, 32;
T_5.0 %dup/vec4;
    %cmpi/s 0, 0, 32;
    %jmp/1xz T_5.1, 5;
    %jmp/1 T_5.1, 4;
    %subi 1, 0, 32;
    %wait E_0x55636630e060;
    %jmp T_5.0;
T_5.1 ;
    %pop/vec4 1;
    %pushi/vec4 3222323216, 0, 36;
    %concati/vec4 201395201, 0, 28;
    %store/vec4 v0x55636632b550_0, 0, 64;
    %fork TD_tb_dot_matrix_fifo.send_frame, S_0x55636632b380;
    %join;
    %pushi/vec4 2960175216, 0, 36;
    %concati/vec4 185010951, 0, 28;
    %store/vec4 v0x55636632b550_0, 0, 64;
    %fork TD_tb_dot_matrix_fifo.send_frame, S_0x55636632b380;
    %join;
    %pushi/vec4 2700124400, 0, 36;
    %concati/vec4 168757775, 0, 28;
    %store/vec4 v0x55636632b550_0, 0, 64;
    %fork TD_tb_dot_matrix_fifo.send_frame, S_0x55636632b380;
    %join;
    %pushi/vec4 4026593280, 0, 36;
    %concati/vec4 251662080, 0, 28;
    %store/vec4 v0x55636632b550_0, 0, 64;
    %fork TD_tb_dot_matrix_fifo.send_frame, S_0x55636632b380;
    %join;
    %pushi/vec4 2415955968, 0, 36;
    %concati/vec4 150997248, 0, 28;
    %store/vec4 v0x55636632b550_0, 0, 64;
    %fork TD_tb_dot_matrix_fifo.send_frame, S_0x55636632b380;
    %join;
    %pushi/vec4 4286644096, 0, 39;
    %concati/vec4 33489407, 0, 25;
    %store/vec4 v0x55636632b550_0, 0, 64;
    %fork TD_tb_dot_matrix_fifo.send_frame, S_0x55636632b380;
    %join;
    %pushi/vec4 40, 0, 32;
T_5.2 %dup/vec4;
    %cmpi/s 0, 0, 32;
    %jmp/1xz T_5.3, 5;
    %jmp/1 T_5.3, 4;
    %subi 1, 0, 32;
    %wait E_0x55636630e060;
    %jmp T_5.2;
T_5.3 ;
    %pop/vec4 1;
    %vpi_call 2 63 "$display", "Simulation finished." {0 0 0};
    %vpi_call 2 64 "$finish" {0 0 0};
    %end;
    .thread T_5;
    .scope S_0x55636630b030;
T_6 ;
    %vpi_call 2 68 "$monitor", "t=%0t  CS=%b SCLK=%b DIN=%b busy=%b", $time, v0x55636632b9e0_0, v0x55636632b7b0_0, v0x55636632b850_0, v0x55636632b650_0 {0 0 0};
    %end;
    .thread T_6;
# The file index is used to find the file name in the following table.
:file_names 4;
    "N/A";
    "<interactive>";
    "tb_dot_matrix_fifo.v";
    "dot_matrix_fifo.v";
